{"/home/marlonfurtado/git/manutencao/arbitrium-api-manutencao/server.js": {"path":"/home/marlonfurtado/git/manutencao/arbitrium-api-manutencao/server.js","statementMap":{"0":{"start":{"line":1,"column":14},"end":{"line":1,"column":32}},"1":{"start":{"line":2,"column":15},"end":{"line":2,"column":34}},"2":{"start":{"line":3,"column":14},"end":{"line":3,"column":40}},"3":{"start":{"line":4,"column":17},"end":{"line":4,"column":39}},"4":{"start":{"line":5,"column":10},"end":{"line":5,"column":34}},"5":{"start":{"line":6,"column":13},"end":{"line":6,"column":36}},"6":{"start":{"line":7,"column":11},"end":{"line":7,"column":26}},"7":{"start":{"line":8,"column":10},"end":{"line":8,"column":19}},"8":{"start":{"line":11,"column":0},"end":{"line":11,"column":48}},"9":{"start":{"line":12,"column":0},"end":{"line":12,"column":27}},"10":{"start":{"line":14,"column":0},"end":{"line":14,"column":79}},"11":{"start":{"line":15,"column":0},"end":{"line":15,"column":31}},"12":{"start":{"line":16,"column":0},"end":{"line":16,"column":28}},"13":{"start":{"line":18,"column":0},"end":{"line":18,"column":15}},"14":{"start":{"line":21,"column":0},"end":{"line":128,"column":3}},"15":{"start":{"line":22,"column":4},"end":{"line":22,"column":47}},"16":{"start":{"line":23,"column":13},"end":{"line":23,"column":42}},"17":{"start":{"line":24,"column":21},"end":{"line":24,"column":81}},"18":{"start":{"line":25,"column":17},"end":{"line":25,"column":50}},"19":{"start":{"line":26,"column":24},"end":{"line":26,"column":87}},"20":{"start":{"line":27,"column":21},"end":{"line":27,"column":58}},"21":{"start":{"line":28,"column":35},"end":{"line":28,"column":110}},"22":{"start":{"line":29,"column":32},"end":{"line":29,"column":80}},"23":{"start":{"line":30,"column":25},"end":{"line":30,"column":89}},"24":{"start":{"line":31,"column":21},"end":{"line":31,"column":58}},"25":{"start":{"line":32,"column":24},"end":{"line":32,"column":87}},"26":{"start":{"line":33,"column":20},"end":{"line":33,"column":56}},"27":{"start":{"line":34,"column":20},"end":{"line":34,"column":79}},"28":{"start":{"line":35,"column":16},"end":{"line":35,"column":48}},"29":{"start":{"line":36,"column":19},"end":{"line":36,"column":77}},"30":{"start":{"line":37,"column":15},"end":{"line":37,"column":46}},"31":{"start":{"line":38,"column":24},"end":{"line":38,"column":87}},"32":{"start":{"line":39,"column":20},"end":{"line":39,"column":56}},"33":{"start":{"line":40,"column":20},"end":{"line":40,"column":79}},"34":{"start":{"line":41,"column":16},"end":{"line":41,"column":48}},"35":{"start":{"line":42,"column":22},"end":{"line":42,"column":83}},"36":{"start":{"line":43,"column":18},"end":{"line":43,"column":52}},"37":{"start":{"line":46,"column":4},"end":{"line":46,"column":53}},"38":{"start":{"line":49,"column":4},"end":{"line":53,"column":7}},"39":{"start":{"line":50,"column":8},"end":{"line":52,"column":10}},"40":{"start":{"line":55,"column":4},"end":{"line":59,"column":7}},"41":{"start":{"line":56,"column":8},"end":{"line":58,"column":10}},"42":{"start":{"line":62,"column":13},"end":{"line":62,"column":28}},"43":{"start":{"line":63,"column":4},"end":{"line":65,"column":7}},"44":{"start":{"line":67,"column":4},"end":{"line":71,"column":7}},"45":{"start":{"line":68,"column":8},"end":{"line":70,"column":10}},"46":{"start":{"line":73,"column":4},"end":{"line":78,"column":7}},"47":{"start":{"line":74,"column":8},"end":{"line":76,"column":10}},"48":{"start":{"line":80,"column":4},"end":{"line":84,"column":7}},"49":{"start":{"line":81,"column":7},"end":{"line":83,"column":9}},"50":{"start":{"line":87,"column":4},"end":{"line":91,"column":7}},"51":{"start":{"line":88,"column":8},"end":{"line":90,"column":10}},"52":{"start":{"line":94,"column":4},"end":{"line":98,"column":7}},"53":{"start":{"line":95,"column":8},"end":{"line":97,"column":10}},"54":{"start":{"line":101,"column":4},"end":{"line":105,"column":7}},"55":{"start":{"line":102,"column":8},"end":{"line":104,"column":9}},"56":{"start":{"line":108,"column":4},"end":{"line":112,"column":7}},"57":{"start":{"line":109,"column":8},"end":{"line":111,"column":10}},"58":{"start":{"line":115,"column":4},"end":{"line":124,"column":36}},"59":{"start":{"line":127,"column":4},"end":{"line":127,"column":79}},"60":{"start":{"line":131,"column":0},"end":{"line":133,"column":3}},"61":{"start":{"line":132,"column":4},"end":{"line":132,"column":59}},"62":{"start":{"line":136,"column":0},"end":{"line":136,"column":41}},"63":{"start":{"line":137,"column":0},"end":{"line":137,"column":41}},"64":{"start":{"line":138,"column":0},"end":{"line":138,"column":42}},"65":{"start":{"line":139,"column":0},"end":{"line":139,"column":38}},"66":{"start":{"line":140,"column":0},"end":{"line":140,"column":37}},"67":{"start":{"line":141,"column":0},"end":{"line":141,"column":39}},"68":{"start":{"line":142,"column":0},"end":{"line":142,"column":39}},"69":{"start":{"line":145,"column":0},"end":{"line":147,"column":3}},"70":{"start":{"line":146,"column":4},"end":{"line":146,"column":52}},"71":{"start":{"line":149,"column":0},"end":{"line":149,"column":21}}},"fnMap":{"0":{"name":"(anonymous_0)","decl":{"start":{"line":21,"column":29},"end":{"line":21,"column":30}},"loc":{"start":{"line":21,"column":41},"end":{"line":126,"column":1}},"line":21},"1":{"name":"(anonymous_1)","decl":{"start":{"line":49,"column":20},"end":{"line":49,"column":21}},"loc":{"start":{"line":49,"column":30},"end":{"line":53,"column":5}},"line":49},"2":{"name":"(anonymous_2)","decl":{"start":{"line":55,"column":22},"end":{"line":55,"column":23}},"loc":{"start":{"line":55,"column":34},"end":{"line":59,"column":5}},"line":55},"3":{"name":"(anonymous_3)","decl":{"start":{"line":67,"column":17},"end":{"line":67,"column":18}},"loc":{"start":{"line":67,"column":24},"end":{"line":71,"column":5}},"line":67},"4":{"name":"(anonymous_4)","decl":{"start":{"line":73,"column":18},"end":{"line":73,"column":19}},"loc":{"start":{"line":73,"column":26},"end":{"line":78,"column":5}},"line":73},"5":{"name":"(anonymous_5)","decl":{"start":{"line":80,"column":22},"end":{"line":80,"column":23}},"loc":{"start":{"line":80,"column":34},"end":{"line":84,"column":5}},"line":80},"6":{"name":"(anonymous_6)","decl":{"start":{"line":87,"column":23},"end":{"line":87,"column":24}},"loc":{"start":{"line":87,"column":36},"end":{"line":91,"column":5}},"line":87},"7":{"name":"(anonymous_7)","decl":{"start":{"line":94,"column":34},"end":{"line":94,"column":35}},"loc":{"start":{"line":94,"column":58},"end":{"line":98,"column":5}},"line":94},"8":{"name":"(anonymous_8)","decl":{"start":{"line":101,"column":23},"end":{"line":101,"column":24}},"loc":{"start":{"line":101,"column":35},"end":{"line":105,"column":5}},"line":101},"9":{"name":"(anonymous_9)","decl":{"start":{"line":108,"column":19},"end":{"line":108,"column":20}},"loc":{"start":{"line":108,"column":28},"end":{"line":112,"column":5}},"line":108},"10":{"name":"(anonymous_10)","decl":{"start":{"line":126,"column":9},"end":{"line":126,"column":10}},"loc":{"start":{"line":126,"column":24},"end":{"line":128,"column":1}},"line":126},"11":{"name":"(anonymous_11)","decl":{"start":{"line":131,"column":13},"end":{"line":131,"column":14}},"loc":{"start":{"line":131,"column":32},"end":{"line":133,"column":1}},"line":131},"12":{"name":"(anonymous_12)","decl":{"start":{"line":145,"column":17},"end":{"line":145,"column":18}},"loc":{"start":{"line":145,"column":31},"end":{"line":147,"column":1}},"line":145}},"branchMap":{},"s":{"0":1,"1":1,"2":1,"3":1,"4":1,"5":1,"6":1,"7":1,"8":1,"9":1,"10":1,"11":1,"12":1,"13":1,"14":1,"15":0,"16":0,"17":0,"18":0,"19":0,"20":0,"21":0,"22":0,"23":0,"24":0,"25":0,"26":0,"27":0,"28":0,"29":0,"30":0,"31":0,"32":0,"33":0,"34":0,"35":0,"36":0,"37":0,"38":0,"39":0,"40":0,"41":0,"42":0,"43":0,"44":0,"45":0,"46":0,"47":0,"48":0,"49":0,"50":0,"51":0,"52":0,"53":0,"54":0,"55":0,"56":0,"57":0,"58":0,"59":0,"60":1,"61":0,"62":1,"63":1,"64":1,"65":1,"66":1,"67":1,"68":1,"69":1,"70":0,"71":1},"f":{"0":0,"1":0,"2":0,"3":0,"4":0,"5":0,"6":0,"7":0,"8":0,"9":0,"10":0,"11":0,"12":0},"b":{},"_coverageSchema":"43e27e138ebf9cfc5966b082cf9a028302ed4184","hash":"c34055c194e1843e29642702cc63cf4f61799c7f"}
,"/home/marlonfurtado/git/manutencao/arbitrium-api-manutencao/app/controllers/activity.js": {"path":"/home/marlonfurtado/git/manutencao/arbitrium-api-manutencao/app/controllers/activity.js","statementMap":{"0":{"start":{"line":1,"column":9},"end":{"line":1,"column":35}},"1":{"start":{"line":2,"column":20},"end":{"line":2,"column":79}},"2":{"start":{"line":4,"column":0},"end":{"line":6,"column":2}},"3":{"start":{"line":8,"column":0},"end":{"line":17,"column":2}},"4":{"start":{"line":9,"column":4},"end":{"line":16,"column":11}},"5":{"start":{"line":11,"column":12},"end":{"line":11,"column":33}},"6":{"start":{"line":13,"column":12},"end":{"line":15,"column":15}},"7":{"start":{"line":19,"column":0},"end":{"line":31,"column":2}},"8":{"start":{"line":20,"column":4},"end":{"line":30,"column":11}},"9":{"start":{"line":25,"column":12},"end":{"line":25,"column":31}},"10":{"start":{"line":27,"column":12},"end":{"line":29,"column":15}},"11":{"start":{"line":33,"column":0},"end":{"line":77,"column":2}},"12":{"start":{"line":34,"column":4},"end":{"line":38,"column":5}},"13":{"start":{"line":35,"column":8},"end":{"line":37,"column":11}},"14":{"start":{"line":40,"column":4},"end":{"line":44,"column":5}},"15":{"start":{"line":41,"column":8},"end":{"line":43,"column":11}},"16":{"start":{"line":45,"column":4},"end":{"line":76,"column":7}},"17":{"start":{"line":50,"column":8},"end":{"line":65,"column":9}},"18":{"start":{"line":52,"column":12},"end":{"line":54,"column":15}},"19":{"start":{"line":55,"column":15},"end":{"line":65,"column":9}},"20":{"start":{"line":57,"column":12},"end":{"line":59,"column":15}},"21":{"start":{"line":62,"column":12},"end":{"line":64,"column":15}},"22":{"start":{"line":68,"column":8},"end":{"line":72,"column":9}},"23":{"start":{"line":69,"column":12},"end":{"line":71,"column":15}},"24":{"start":{"line":73,"column":8},"end":{"line":75,"column":11}},"25":{"start":{"line":79,"column":0},"end":{"line":81,"column":2}}},"fnMap":{"0":{"name":"(anonymous_0)","decl":{"start":{"line":4,"column":17},"end":{"line":4,"column":18}},"loc":{"start":{"line":4,"column":36},"end":{"line":6,"column":1}},"line":4},"1":{"name":"(anonymous_1)","decl":{"start":{"line":8,"column":18},"end":{"line":8,"column":19}},"loc":{"start":{"line":8,"column":37},"end":{"line":17,"column":1}},"line":8},"2":{"name":"(anonymous_2)","decl":{"start":{"line":10,"column":15},"end":{"line":10,"column":16}},"loc":{"start":{"line":10,"column":36},"end":{"line":12,"column":9}},"line":10},"3":{"name":"(anonymous_3)","decl":{"start":{"line":12,"column":17},"end":{"line":12,"column":18}},"loc":{"start":{"line":12,"column":31},"end":{"line":16,"column":9}},"line":12},"4":{"name":"(anonymous_4)","decl":{"start":{"line":19,"column":18},"end":{"line":19,"column":19}},"loc":{"start":{"line":19,"column":37},"end":{"line":31,"column":1}},"line":19},"5":{"name":"(anonymous_5)","decl":{"start":{"line":24,"column":16},"end":{"line":24,"column":17}},"loc":{"start":{"line":24,"column":35},"end":{"line":26,"column":9}},"line":24},"6":{"name":"(anonymous_6)","decl":{"start":{"line":26,"column":17},"end":{"line":26,"column":18}},"loc":{"start":{"line":26,"column":31},"end":{"line":30,"column":9}},"line":26},"7":{"name":"(anonymous_7)","decl":{"start":{"line":33,"column":17},"end":{"line":33,"column":18}},"loc":{"start":{"line":33,"column":36},"end":{"line":77,"column":1}},"line":33},"8":{"name":"(anonymous_8)","decl":{"start":{"line":48,"column":11},"end":{"line":48,"column":12}},"loc":{"start":{"line":48,"column":34},"end":{"line":66,"column":5}},"line":48},"9":{"name":"(anonymous_9)","decl":{"start":{"line":66,"column":13},"end":{"line":66,"column":14}},"loc":{"start":{"line":66,"column":27},"end":{"line":76,"column":5}},"line":66},"10":{"name":"(anonymous_10)","decl":{"start":{"line":79,"column":17},"end":{"line":79,"column":18}},"loc":{"start":{"line":79,"column":36},"end":{"line":81,"column":1}},"line":79}},"branchMap":{"0":{"loc":{"start":{"line":14,"column":25},"end":{"line":14,"column":94}},"type":"binary-expr","locations":[{"start":{"line":14,"column":25},"end":{"line":14,"column":36}},{"start":{"line":14,"column":40},"end":{"line":14,"column":94}}],"line":14},"1":{"loc":{"start":{"line":28,"column":25},"end":{"line":28,"column":97}},"type":"binary-expr","locations":[{"start":{"line":28,"column":25},"end":{"line":28,"column":36}},{"start":{"line":28,"column":40},"end":{"line":28,"column":97}}],"line":28},"2":{"loc":{"start":{"line":34,"column":4},"end":{"line":38,"column":5}},"type":"if","locations":[{"start":{"line":34,"column":4},"end":{"line":38,"column":5}},{"start":{"line":34,"column":4},"end":{"line":38,"column":5}}],"line":34},"3":{"loc":{"start":{"line":40,"column":4},"end":{"line":44,"column":5}},"type":"if","locations":[{"start":{"line":40,"column":4},"end":{"line":44,"column":5}},{"start":{"line":40,"column":4},"end":{"line":44,"column":5}}],"line":40},"4":{"loc":{"start":{"line":50,"column":8},"end":{"line":65,"column":9}},"type":"if","locations":[{"start":{"line":50,"column":8},"end":{"line":65,"column":9}},{"start":{"line":50,"column":8},"end":{"line":65,"column":9}}],"line":50},"5":{"loc":{"start":{"line":55,"column":15},"end":{"line":65,"column":9}},"type":"if","locations":[{"start":{"line":55,"column":15},"end":{"line":65,"column":9}},{"start":{"line":55,"column":15},"end":{"line":65,"column":9}}],"line":55},"6":{"loc":{"start":{"line":68,"column":8},"end":{"line":72,"column":9}},"type":"if","locations":[{"start":{"line":68,"column":8},"end":{"line":72,"column":9}},{"start":{"line":68,"column":8},"end":{"line":72,"column":9}}],"line":68}},"s":{"0":1,"1":1,"2":1,"3":1,"4":0,"5":0,"6":0,"7":1,"8":0,"9":0,"10":0,"11":1,"12":0,"13":0,"14":0,"15":0,"16":0,"17":0,"18":0,"19":0,"20":0,"21":0,"22":0,"23":0,"24":0,"25":1},"f":{"0":0,"1":0,"2":0,"3":0,"4":0,"5":0,"6":0,"7":0,"8":0,"9":0,"10":0},"b":{"0":[0,0],"1":[0,0],"2":[0,0],"3":[0,0],"4":[0,0],"5":[0,0],"6":[0,0]},"_coverageSchema":"43e27e138ebf9cfc5966b082cf9a028302ed4184","hash":"3f5c626ac7741cca170df3f6da9082c2f68b9331"}
,"/home/marlonfurtado/git/manutencao/arbitrium-api-manutencao/app/controllers/event.js": {"path":"/home/marlonfurtado/git/manutencao/arbitrium-api-manutencao/app/controllers/event.js","statementMap":{"0":{"start":{"line":1,"column":9},"end":{"line":1,"column":38}},"1":{"start":{"line":2,"column":17},"end":{"line":2,"column":73}},"2":{"start":{"line":4,"column":0},"end":{"line":6,"column":2}},"3":{"start":{"line":8,"column":0},"end":{"line":17,"column":2}},"4":{"start":{"line":9,"column":4},"end":{"line":16,"column":11}},"5":{"start":{"line":11,"column":12},"end":{"line":11,"column":29}},"6":{"start":{"line":13,"column":12},"end":{"line":15,"column":15}},"7":{"start":{"line":19,"column":0},"end":{"line":31,"column":2}},"8":{"start":{"line":20,"column":4},"end":{"line":30,"column":11}},"9":{"start":{"line":25,"column":12},"end":{"line":25,"column":28}},"10":{"start":{"line":27,"column":12},"end":{"line":29,"column":15}},"11":{"start":{"line":33,"column":0},"end":{"line":35,"column":2}},"12":{"start":{"line":37,"column":0},"end":{"line":39,"column":2}}},"fnMap":{"0":{"name":"(anonymous_0)","decl":{"start":{"line":4,"column":17},"end":{"line":4,"column":18}},"loc":{"start":{"line":4,"column":34},"end":{"line":6,"column":1}},"line":4},"1":{"name":"(anonymous_1)","decl":{"start":{"line":8,"column":18},"end":{"line":8,"column":19}},"loc":{"start":{"line":8,"column":37},"end":{"line":17,"column":1}},"line":8},"2":{"name":"(anonymous_2)","decl":{"start":{"line":10,"column":15},"end":{"line":10,"column":16}},"loc":{"start":{"line":10,"column":32},"end":{"line":12,"column":9}},"line":10},"3":{"name":"(anonymous_3)","decl":{"start":{"line":12,"column":17},"end":{"line":12,"column":18}},"loc":{"start":{"line":12,"column":31},"end":{"line":16,"column":9}},"line":12},"4":{"name":"(anonymous_4)","decl":{"start":{"line":19,"column":18},"end":{"line":19,"column":19}},"loc":{"start":{"line":19,"column":37},"end":{"line":31,"column":1}},"line":19},"5":{"name":"(anonymous_5)","decl":{"start":{"line":24,"column":16},"end":{"line":24,"column":17}},"loc":{"start":{"line":24,"column":32},"end":{"line":26,"column":9}},"line":24},"6":{"name":"(anonymous_6)","decl":{"start":{"line":26,"column":17},"end":{"line":26,"column":18}},"loc":{"start":{"line":26,"column":31},"end":{"line":30,"column":9}},"line":26},"7":{"name":"(anonymous_7)","decl":{"start":{"line":33,"column":17},"end":{"line":33,"column":18}},"loc":{"start":{"line":33,"column":36},"end":{"line":35,"column":1}},"line":33},"8":{"name":"(anonymous_8)","decl":{"start":{"line":37,"column":17},"end":{"line":37,"column":18}},"loc":{"start":{"line":37,"column":36},"end":{"line":39,"column":1}},"line":37}},"branchMap":{"0":{"loc":{"start":{"line":14,"column":25},"end":{"line":14,"column":94}},"type":"binary-expr","locations":[{"start":{"line":14,"column":25},"end":{"line":14,"column":36}},{"start":{"line":14,"column":40},"end":{"line":14,"column":94}}],"line":14},"1":{"loc":{"start":{"line":28,"column":25},"end":{"line":28,"column":97}},"type":"binary-expr","locations":[{"start":{"line":28,"column":25},"end":{"line":28,"column":36}},{"start":{"line":28,"column":40},"end":{"line":28,"column":97}}],"line":28}},"s":{"0":1,"1":1,"2":1,"3":1,"4":0,"5":0,"6":0,"7":1,"8":0,"9":0,"10":0,"11":1,"12":1},"f":{"0":0,"1":0,"2":0,"3":0,"4":0,"5":0,"6":0,"7":0,"8":0},"b":{"0":[0,0],"1":[0,0]},"_coverageSchema":"43e27e138ebf9cfc5966b082cf9a028302ed4184","hash":"f84643cd4f94cad9dd2f86e5e8b60ead4253ca6c"}
,"/home/marlonfurtado/git/manutencao/arbitrium-api-manutencao/app/controllers/interview.js": {"path":"/home/marlonfurtado/git/manutencao/arbitrium-api-manutencao/app/controllers/interview.js","statementMap":{"0":{"start":{"line":1,"column":11},"end":{"line":1,"column":40}},"1":{"start":{"line":2,"column":23},"end":{"line":2,"column":84}},"2":{"start":{"line":3,"column":22},"end":{"line":3,"column":82}},"3":{"start":{"line":5,"column":0},"end":{"line":42,"column":2}},"4":{"start":{"line":12,"column":4},"end":{"line":16,"column":5}},"5":{"start":{"line":13,"column":8},"end":{"line":15,"column":11}},"6":{"start":{"line":18,"column":4},"end":{"line":41,"column":5}},"7":{"start":{"line":20,"column":26},"end":{"line":20,"column":167}},"8":{"start":{"line":21,"column":8},"end":{"line":21,"column":49}},"9":{"start":{"line":24,"column":25},"end":{"line":24,"column":80}},"10":{"start":{"line":25,"column":8},"end":{"line":25,"column":30}},"11":{"start":{"line":28,"column":8},"end":{"line":29,"column":105}},"12":{"start":{"line":31,"column":8},"end":{"line":32,"column":105}},"13":{"start":{"line":35,"column":8},"end":{"line":35,"column":33}},"14":{"start":{"line":38,"column":8},"end":{"line":40,"column":11}},"15":{"start":{"line":44,"column":0},"end":{"line":46,"column":2}},"16":{"start":{"line":48,"column":0},"end":{"line":50,"column":2}},"17":{"start":{"line":52,"column":0},"end":{"line":54,"column":2}},"18":{"start":{"line":56,"column":0},"end":{"line":58,"column":2}}},"fnMap":{"0":{"name":"(anonymous_0)","decl":{"start":{"line":5,"column":17},"end":{"line":5,"column":18}},"loc":{"start":{"line":5,"column":42},"end":{"line":42,"column":1}},"line":5},"1":{"name":"(anonymous_1)","decl":{"start":{"line":44,"column":18},"end":{"line":44,"column":19}},"loc":{"start":{"line":44,"column":37},"end":{"line":46,"column":1}},"line":44},"2":{"name":"(anonymous_2)","decl":{"start":{"line":48,"column":18},"end":{"line":48,"column":19}},"loc":{"start":{"line":48,"column":37},"end":{"line":50,"column":1}},"line":48},"3":{"name":"(anonymous_3)","decl":{"start":{"line":52,"column":17},"end":{"line":52,"column":18}},"loc":{"start":{"line":52,"column":36},"end":{"line":54,"column":1}},"line":52},"4":{"name":"(anonymous_4)","decl":{"start":{"line":56,"column":17},"end":{"line":56,"column":18}},"loc":{"start":{"line":56,"column":36},"end":{"line":58,"column":1}},"line":56}},"branchMap":{"0":{"loc":{"start":{"line":12,"column":4},"end":{"line":16,"column":5}},"type":"if","locations":[{"start":{"line":12,"column":4},"end":{"line":16,"column":5}},{"start":{"line":12,"column":4},"end":{"line":16,"column":5}}],"line":12},"1":{"loc":{"start":{"line":39,"column":21},"end":{"line":39,"column":87}},"type":"binary-expr","locations":[{"start":{"line":39,"column":21},"end":{"line":39,"column":32}},{"start":{"line":39,"column":36},"end":{"line":39,"column":87}}],"line":39}},"s":{"0":1,"1":1,"2":1,"3":1,"4":0,"5":0,"6":0,"7":0,"8":0,"9":0,"10":0,"11":0,"12":0,"13":0,"14":0,"15":1,"16":1,"17":1,"18":1},"f":{"0":0,"1":0,"2":0,"3":0,"4":0},"b":{"0":[0,0],"1":[0,0]},"_coverageSchema":"43e27e138ebf9cfc5966b082cf9a028302ed4184","hash":"94dc7a726cc58a503da33a499cc8f5c8bf16cacf"}
,"/home/marlonfurtado/git/manutencao/arbitrium-api-manutencao/app/controllers/question.js": {"path":"/home/marlonfurtado/git/manutencao/arbitrium-api-manutencao/app/controllers/question.js","statementMap":{"0":{"start":{"line":1,"column":11},"end":{"line":1,"column":37}},"1":{"start":{"line":2,"column":22},"end":{"line":2,"column":81}},"2":{"start":{"line":4,"column":0},"end":{"line":15,"column":2}},"3":{"start":{"line":5,"column":4},"end":{"line":5,"column":94}},"4":{"start":{"line":5,"column":31},"end":{"line":5,"column":94}},"5":{"start":{"line":6,"column":4},"end":{"line":6,"column":33}},"6":{"start":{"line":7,"column":4},"end":{"line":14,"column":6}},"7":{"start":{"line":8,"column":8},"end":{"line":8,"column":125}},"8":{"start":{"line":8,"column":34},"end":{"line":8,"column":125}},"9":{"start":{"line":9,"column":8},"end":{"line":9,"column":146}},"10":{"start":{"line":9,"column":34},"end":{"line":9,"column":146}},"11":{"start":{"line":10,"column":8},"end":{"line":10,"column":104}},"12":{"start":{"line":12,"column":8},"end":{"line":12,"column":127}},"13":{"start":{"line":12,"column":36},"end":{"line":12,"column":127}},"14":{"start":{"line":13,"column":8},"end":{"line":13,"column":104}},"15":{"start":{"line":18,"column":4},"end":{"line":18,"column":46}},"16":{"start":{"line":22,"column":4},"end":{"line":34,"column":5}},"17":{"start":{"line":38,"column":4},"end":{"line":38,"column":42}},"18":{"start":{"line":42,"column":4},"end":{"line":42,"column":89}},"19":{"start":{"line":42,"column":21},"end":{"line":42,"column":89}},"20":{"start":{"line":43,"column":4},"end":{"line":43,"column":138}},"21":{"start":{"line":43,"column":36},"end":{"line":43,"column":138}},"22":{"start":{"line":44,"column":4},"end":{"line":44,"column":114}},"23":{"start":{"line":44,"column":40},"end":{"line":44,"column":114}},"24":{"start":{"line":45,"column":4},"end":{"line":45,"column":116}},"25":{"start":{"line":45,"column":41},"end":{"line":45,"column":116}},"26":{"start":{"line":48,"column":0},"end":{"line":63,"column":2}},"27":{"start":{"line":49,"column":4},"end":{"line":49,"column":39}},"28":{"start":{"line":50,"column":4},"end":{"line":62,"column":5}},"29":{"start":{"line":51,"column":25},"end":{"line":54,"column":10}},"30":{"start":{"line":55,"column":8},"end":{"line":59,"column":11}},"31":{"start":{"line":56,"column":12},"end":{"line":56,"column":29}},"32":{"start":{"line":58,"column":12},"end":{"line":58,"column":58}},"33":{"start":{"line":61,"column":8},"end":{"line":61,"column":54}},"34":{"start":{"line":66,"column":17},"end":{"line":66,"column":19}},"35":{"start":{"line":67,"column":4},"end":{"line":67,"column":81}},"36":{"start":{"line":67,"column":31},"end":{"line":67,"column":81}},"37":{"start":{"line":68,"column":4},"end":{"line":68,"column":73}},"38":{"start":{"line":68,"column":27},"end":{"line":68,"column":73}},"39":{"start":{"line":69,"column":4},"end":{"line":69,"column":73}},"40":{"start":{"line":69,"column":35},"end":{"line":69,"column":73}}},"fnMap":{"0":{"name":"(anonymous_0)","decl":{"start":{"line":4,"column":17},"end":{"line":4,"column":18}},"loc":{"start":{"line":4,"column":36},"end":{"line":15,"column":1}},"line":4},"1":{"name":"(anonymous_1)","decl":{"start":{"line":7,"column":29},"end":{"line":7,"column":30}},"loc":{"start":{"line":7,"column":52},"end":{"line":11,"column":5}},"line":7},"2":{"name":"(anonymous_2)","decl":{"start":{"line":11,"column":13},"end":{"line":11,"column":14}},"loc":{"start":{"line":11,"column":27},"end":{"line":14,"column":5}},"line":11},"3":{"name":"sendResponse","decl":{"start":{"line":17,"column":9},"end":{"line":17,"column":21}},"loc":{"start":{"line":17,"column":44},"end":{"line":19,"column":1}},"line":17},"4":{"name":"updateQuestion","decl":{"start":{"line":21,"column":9},"end":{"line":21,"column":23}},"loc":{"start":{"line":21,"column":29},"end":{"line":35,"column":1}},"line":21},"5":{"name":"isValidChoice","decl":{"start":{"line":37,"column":9},"end":{"line":37,"column":22}},"loc":{"start":{"line":37,"column":31},"end":{"line":39,"column":1}},"line":37},"6":{"name":"validateUpdateBody","decl":{"start":{"line":41,"column":9},"end":{"line":41,"column":27}},"loc":{"start":{"line":41,"column":34},"end":{"line":46,"column":1}},"line":41},"7":{"name":"(anonymous_7)","decl":{"start":{"line":48,"column":17},"end":{"line":48,"column":18}},"loc":{"start":{"line":48,"column":36},"end":{"line":63,"column":1}},"line":48},"8":{"name":"(anonymous_8)","decl":{"start":{"line":55,"column":29},"end":{"line":55,"column":30}},"loc":{"start":{"line":55,"column":46},"end":{"line":57,"column":9}},"line":55},"9":{"name":"(anonymous_9)","decl":{"start":{"line":57,"column":17},"end":{"line":57,"column":18}},"loc":{"start":{"line":57,"column":31},"end":{"line":59,"column":9}},"line":57},"10":{"name":"validateCreateParameters","decl":{"start":{"line":65,"column":9},"end":{"line":65,"column":33}},"loc":{"start":{"line":65,"column":44},"end":{"line":70,"column":1}},"line":65}},"branchMap":{"0":{"loc":{"start":{"line":5,"column":4},"end":{"line":5,"column":94}},"type":"if","locations":[{"start":{"line":5,"column":4},"end":{"line":5,"column":94}},{"start":{"line":5,"column":4},"end":{"line":5,"column":94}}],"line":5},"1":{"loc":{"start":{"line":8,"column":8},"end":{"line":8,"column":125}},"type":"if","locations":[{"start":{"line":8,"column":8},"end":{"line":8,"column":125}},{"start":{"line":8,"column":8},"end":{"line":8,"column":125}}],"line":8},"2":{"loc":{"start":{"line":9,"column":8},"end":{"line":9,"column":146}},"type":"if","locations":[{"start":{"line":9,"column":8},"end":{"line":9,"column":146}},{"start":{"line":9,"column":8},"end":{"line":9,"column":146}}],"line":9},"3":{"loc":{"start":{"line":12,"column":8},"end":{"line":12,"column":127}},"type":"if","locations":[{"start":{"line":12,"column":8},"end":{"line":12,"column":127}},{"start":{"line":12,"column":8},"end":{"line":12,"column":127}}],"line":12},"4":{"loc":{"start":{"line":38,"column":11},"end":{"line":38,"column":41}},"type":"binary-expr","locations":[{"start":{"line":38,"column":11},"end":{"line":38,"column":24}},{"start":{"line":38,"column":28},"end":{"line":38,"column":41}}],"line":38},"5":{"loc":{"start":{"line":42,"column":4},"end":{"line":42,"column":89}},"type":"if","locations":[{"start":{"line":42,"column":4},"end":{"line":42,"column":89}},{"start":{"line":42,"column":4},"end":{"line":42,"column":89}}],"line":42},"6":{"loc":{"start":{"line":43,"column":4},"end":{"line":43,"column":138}},"type":"if","locations":[{"start":{"line":43,"column":4},"end":{"line":43,"column":138}},{"start":{"line":43,"column":4},"end":{"line":43,"column":138}}],"line":43},"7":{"loc":{"start":{"line":44,"column":4},"end":{"line":44,"column":114}},"type":"if","locations":[{"start":{"line":44,"column":4},"end":{"line":44,"column":114}},{"start":{"line":44,"column":4},"end":{"line":44,"column":114}}],"line":44},"8":{"loc":{"start":{"line":45,"column":4},"end":{"line":45,"column":116}},"type":"if","locations":[{"start":{"line":45,"column":4},"end":{"line":45,"column":116}},{"start":{"line":45,"column":4},"end":{"line":45,"column":116}}],"line":45},"9":{"loc":{"start":{"line":67,"column":4},"end":{"line":67,"column":81}},"type":"if","locations":[{"start":{"line":67,"column":4},"end":{"line":67,"column":81}},{"start":{"line":67,"column":4},"end":{"line":67,"column":81}}],"line":67},"10":{"loc":{"start":{"line":68,"column":4},"end":{"line":68,"column":73}},"type":"if","locations":[{"start":{"line":68,"column":4},"end":{"line":68,"column":73}},{"start":{"line":68,"column":4},"end":{"line":68,"column":73}}],"line":68},"11":{"loc":{"start":{"line":69,"column":4},"end":{"line":69,"column":73}},"type":"if","locations":[{"start":{"line":69,"column":4},"end":{"line":69,"column":73}},{"start":{"line":69,"column":4},"end":{"line":69,"column":73}}],"line":69}},"s":{"0":1,"1":1,"2":1,"3":0,"4":0,"5":0,"6":0,"7":0,"8":0,"9":0,"10":0,"11":0,"12":0,"13":0,"14":0,"15":0,"16":0,"17":0,"18":0,"19":0,"20":0,"21":0,"22":0,"23":0,"24":0,"25":0,"26":1,"27":0,"28":0,"29":0,"30":0,"31":0,"32":0,"33":0,"34":0,"35":0,"36":0,"37":0,"38":0,"39":0,"40":0},"f":{"0":0,"1":0,"2":0,"3":0,"4":0,"5":0,"6":0,"7":0,"8":0,"9":0,"10":0},"b":{"0":[0,0],"1":[0,0],"2":[0,0],"3":[0,0],"4":[0,0],"5":[0,0],"6":[0,0],"7":[0,0],"8":[0,0],"9":[0,0],"10":[0,0],"11":[0,0]},"_coverageSchema":"43e27e138ebf9cfc5966b082cf9a028302ed4184","hash":"8fe52b6ea34b45de451a9e40329511f6f9e95264"}
,"/home/marlonfurtado/git/manutencao/arbitrium-api-manutencao/app/controllers/report.js": {"path":"/home/marlonfurtado/git/manutencao/arbitrium-api-manutencao/app/controllers/report.js","statementMap":{"0":{"start":{"line":1,"column":9},"end":{"line":1,"column":38}},"1":{"start":{"line":2,"column":21},"end":{"line":2,"column":47}},"2":{"start":{"line":4,"column":0},"end":{"line":295,"column":2}},"3":{"start":{"line":5,"column":17},"end":{"line":58,"column":5}},"4":{"start":{"line":59,"column":25},"end":{"line":59,"column":55}},"5":{"start":{"line":62,"column":22},"end":{"line":286,"column":23}},"6":{"start":{"line":287,"column":4},"end":{"line":294,"column":6}},"7":{"start":{"line":290,"column":12},"end":{"line":290,"column":87}},"8":{"start":{"line":291,"column":12},"end":{"line":291,"column":48}},"9":{"start":{"line":292,"column":12},"end":{"line":292,"column":52}}},"fnMap":{"0":{"name":"(anonymous_0)","decl":{"start":{"line":4,"column":18},"end":{"line":4,"column":19}},"loc":{"start":{"line":4,"column":35},"end":{"line":295,"column":1}},"line":4},"1":{"name":"(anonymous_1)","decl":{"start":{"line":289,"column":8},"end":{"line":289,"column":9}},"loc":{"start":{"line":289,"column":25},"end":{"line":293,"column":9}},"line":289}},"branchMap":{},"s":{"0":1,"1":1,"2":1,"3":0,"4":0,"5":0,"6":0,"7":0,"8":0,"9":0},"f":{"0":0,"1":0},"b":{},"_coverageSchema":"43e27e138ebf9cfc5966b082cf9a028302ed4184","hash":"48ed3b79514b507fa501116ecdb3d7bff7874a56"}
,"/home/marlonfurtado/git/manutencao/arbitrium-api-manutencao/app/controllers/result.js": {"path":"/home/marlonfurtado/git/manutencao/arbitrium-api-manutencao/app/controllers/result.js","statementMap":{"0":{"start":{"line":1,"column":11},"end":{"line":1,"column":37}},"1":{"start":{"line":2,"column":23},"end":{"line":2,"column":83}},"2":{"start":{"line":3,"column":20},"end":{"line":3,"column":77}},"3":{"start":{"line":4,"column":22},"end":{"line":4,"column":82}},"4":{"start":{"line":5,"column":18},"end":{"line":5,"column":74}},"5":{"start":{"line":6,"column":17},"end":{"line":6,"column":72}},"6":{"start":{"line":7,"column":18},"end":{"line":7,"column":74}},"7":{"start":{"line":8,"column":33},"end":{"line":8,"column":105}},"8":{"start":{"line":9,"column":21},"end":{"line":9,"column":23}},"9":{"start":{"line":10,"column":0},"end":{"line":12,"column":2}},"10":{"start":{"line":14,"column":0},"end":{"line":16,"column":2}},"11":{"start":{"line":18,"column":0},"end":{"line":30,"column":2}},"12":{"start":{"line":19,"column":4},"end":{"line":29,"column":11}},"13":{"start":{"line":24,"column":12},"end":{"line":24,"column":29}},"14":{"start":{"line":26,"column":12},"end":{"line":28,"column":15}},"15":{"start":{"line":32,"column":0},"end":{"line":112,"column":2}},"16":{"start":{"line":33,"column":4},"end":{"line":33,"column":23}},"17":{"start":{"line":35,"column":25},"end":{"line":35,"column":86}},"18":{"start":{"line":38,"column":4},"end":{"line":42,"column":5}},"19":{"start":{"line":39,"column":8},"end":{"line":41,"column":11}},"20":{"start":{"line":45,"column":21},"end":{"line":45,"column":79}},"21":{"start":{"line":48,"column":23},"end":{"line":55,"column":5}},"22":{"start":{"line":58,"column":20},"end":{"line":58,"column":21}},"23":{"start":{"line":61,"column":19},"end":{"line":61,"column":101}},"24":{"start":{"line":64,"column":21},"end":{"line":64,"column":54}},"25":{"start":{"line":69,"column":26},"end":{"line":69,"column":92}},"26":{"start":{"line":70,"column":4},"end":{"line":90,"column":5}},"27":{"start":{"line":70,"column":16},"end":{"line":70,"column":17}},"28":{"start":{"line":72,"column":25},"end":{"line":72,"column":105}},"29":{"start":{"line":74,"column":8},"end":{"line":83,"column":9}},"30":{"start":{"line":74,"column":20},"end":{"line":74,"column":21}},"31":{"start":{"line":76,"column":29},"end":{"line":76,"column":104}},"32":{"start":{"line":78,"column":12},"end":{"line":80,"column":13}},"33":{"start":{"line":78,"column":24},"end":{"line":78,"column":25}},"34":{"start":{"line":79,"column":16},"end":{"line":79,"column":82}},"35":{"start":{"line":82,"column":12},"end":{"line":82,"column":56}},"36":{"start":{"line":85,"column":8},"end":{"line":85,"column":53}},"37":{"start":{"line":87,"column":8},"end":{"line":87,"column":53}},"38":{"start":{"line":89,"column":8},"end":{"line":89,"column":51}},"39":{"start":{"line":92,"column":4},"end":{"line":92,"column":80}},"40":{"start":{"line":94,"column":4},"end":{"line":94,"column":114}},"41":{"start":{"line":97,"column":4},"end":{"line":108,"column":7}},"42":{"start":{"line":103,"column":8},"end":{"line":103,"column":25}},"43":{"start":{"line":105,"column":8},"end":{"line":107,"column":11}},"44":{"start":{"line":109,"column":4},"end":{"line":109,"column":31}},"45":{"start":{"line":111,"column":4},"end":{"line":111,"column":26}},"46":{"start":{"line":115,"column":14},"end":{"line":115,"column":35}},"47":{"start":{"line":116,"column":18},"end":{"line":116,"column":19}},"48":{"start":{"line":117,"column":18},"end":{"line":117,"column":19}},"49":{"start":{"line":118,"column":18},"end":{"line":118,"column":19}},"50":{"start":{"line":119,"column":18},"end":{"line":119,"column":19}},"51":{"start":{"line":120,"column":4},"end":{"line":126,"column":5}},"52":{"start":{"line":120,"column":16},"end":{"line":120,"column":17}},"53":{"start":{"line":121,"column":30},"end":{"line":121,"column":47}},"54":{"start":{"line":122,"column":8},"end":{"line":122,"column":47}},"55":{"start":{"line":123,"column":8},"end":{"line":123,"column":45}},"56":{"start":{"line":124,"column":8},"end":{"line":124,"column":47}},"57":{"start":{"line":125,"column":8},"end":{"line":125,"column":46}},"58":{"start":{"line":128,"column":4},"end":{"line":128,"column":135}},"59":{"start":{"line":132,"column":17},"end":{"line":132,"column":86}},"60":{"start":{"line":134,"column":4},"end":{"line":134,"column":24}},"61":{"start":{"line":138,"column":21},"end":{"line":142,"column":5}},"62":{"start":{"line":144,"column":4},"end":{"line":149,"column":7}},"63":{"start":{"line":151,"column":4},"end":{"line":156,"column":7}},"64":{"start":{"line":158,"column":4},"end":{"line":163,"column":7}},"65":{"start":{"line":165,"column":4},"end":{"line":165,"column":22}},"66":{"start":{"line":171,"column":4},"end":{"line":194,"column":5}},"67":{"start":{"line":171,"column":16},"end":{"line":171,"column":17}},"68":{"start":{"line":172,"column":8},"end":{"line":193,"column":9}},"69":{"start":{"line":173,"column":38},"end":{"line":173,"column":86}},"70":{"start":{"line":174,"column":33},"end":{"line":174,"column":139}},"71":{"start":{"line":176,"column":12},"end":{"line":176,"column":95}},"72":{"start":{"line":177,"column":12},"end":{"line":177,"column":91}},"73":{"start":{"line":178,"column":12},"end":{"line":178,"column":95}},"74":{"start":{"line":179,"column":12},"end":{"line":179,"column":93}},"75":{"start":{"line":181,"column":12},"end":{"line":189,"column":13}},"76":{"start":{"line":190,"column":12},"end":{"line":190,"column":47}},"77":{"start":{"line":192,"column":12},"end":{"line":192,"column":65}},"78":{"start":{"line":196,"column":4},"end":{"line":196,"column":24}},"79":{"start":{"line":201,"column":4},"end":{"line":225,"column":5}},"80":{"start":{"line":201,"column":16},"end":{"line":201,"column":17}},"81":{"start":{"line":202,"column":8},"end":{"line":224,"column":9}},"82":{"start":{"line":203,"column":33},"end":{"line":203,"column":137}},"83":{"start":{"line":205,"column":12},"end":{"line":205,"column":73}},"84":{"start":{"line":206,"column":12},"end":{"line":206,"column":69}},"85":{"start":{"line":207,"column":12},"end":{"line":207,"column":73}},"86":{"start":{"line":208,"column":12},"end":{"line":208,"column":71}},"87":{"start":{"line":210,"column":12},"end":{"line":218,"column":13}},"88":{"start":{"line":219,"column":12},"end":{"line":219,"column":47}},"89":{"start":{"line":221,"column":12},"end":{"line":221,"column":64}},"90":{"start":{"line":227,"column":4},"end":{"line":227,"column":24}},"91":{"start":{"line":231,"column":4},"end":{"line":253,"column":5}},"92":{"start":{"line":231,"column":16},"end":{"line":231,"column":17}},"93":{"start":{"line":232,"column":8},"end":{"line":252,"column":9}},"94":{"start":{"line":233,"column":33},"end":{"line":233,"column":139}},"95":{"start":{"line":235,"column":12},"end":{"line":235,"column":73}},"96":{"start":{"line":236,"column":12},"end":{"line":236,"column":69}},"97":{"start":{"line":237,"column":12},"end":{"line":237,"column":73}},"98":{"start":{"line":238,"column":12},"end":{"line":238,"column":71}},"99":{"start":{"line":240,"column":12},"end":{"line":248,"column":13}},"100":{"start":{"line":249,"column":12},"end":{"line":249,"column":47}},"101":{"start":{"line":251,"column":12},"end":{"line":251,"column":65}},"102":{"start":{"line":255,"column":4},"end":{"line":255,"column":24}},"103":{"start":{"line":259,"column":22},"end":{"line":259,"column":67}},"104":{"start":{"line":261,"column":4},"end":{"line":263,"column":5}},"105":{"start":{"line":261,"column":16},"end":{"line":261,"column":17}},"106":{"start":{"line":262,"column":8},"end":{"line":262,"column":67}},"107":{"start":{"line":265,"column":4},"end":{"line":265,"column":24}},"108":{"start":{"line":269,"column":36},"end":{"line":278,"column":5}},"109":{"start":{"line":280,"column":4},"end":{"line":280,"column":35}},"110":{"start":{"line":284,"column":22},"end":{"line":284,"column":54}},"111":{"start":{"line":286,"column":4},"end":{"line":290,"column":5}},"112":{"start":{"line":287,"column":8},"end":{"line":287,"column":62}},"113":{"start":{"line":288,"column":11},"end":{"line":290,"column":5}},"114":{"start":{"line":289,"column":8},"end":{"line":289,"column":58}},"115":{"start":{"line":292,"column":4},"end":{"line":292,"column":24}},"116":{"start":{"line":296,"column":25},"end":{"line":306,"column":5}},"117":{"start":{"line":308,"column":4},"end":{"line":308,"column":29}},"118":{"start":{"line":312,"column":22},"end":{"line":321,"column":5}},"119":{"start":{"line":323,"column":4},"end":{"line":323,"column":26}},"120":{"start":{"line":327,"column":21},"end":{"line":336,"column":5}},"121":{"start":{"line":338,"column":4},"end":{"line":338,"column":43}},"122":{"start":{"line":342,"column":4},"end":{"line":357,"column":6}},"123":{"start":{"line":361,"column":4},"end":{"line":365,"column":5}},"124":{"start":{"line":361,"column":16},"end":{"line":361,"column":17}},"125":{"start":{"line":362,"column":8},"end":{"line":364,"column":9}},"126":{"start":{"line":363,"column":12},"end":{"line":363,"column":62}},"127":{"start":{"line":367,"column":4},"end":{"line":371,"column":5}},"128":{"start":{"line":367,"column":16},"end":{"line":367,"column":17}},"129":{"start":{"line":368,"column":8},"end":{"line":370,"column":9}},"130":{"start":{"line":369,"column":12},"end":{"line":369,"column":63}},"131":{"start":{"line":374,"column":4},"end":{"line":378,"column":5}},"132":{"start":{"line":374,"column":16},"end":{"line":374,"column":17}},"133":{"start":{"line":375,"column":8},"end":{"line":377,"column":9}},"134":{"start":{"line":376,"column":12},"end":{"line":376,"column":63}},"135":{"start":{"line":381,"column":0},"end":{"line":383,"column":2}},"136":{"start":{"line":385,"column":0},"end":{"line":387,"column":2}}},"fnMap":{"0":{"name":"(anonymous_0)","decl":{"start":{"line":10,"column":17},"end":{"line":10,"column":18}},"loc":{"start":{"line":10,"column":36},"end":{"line":12,"column":1}},"line":10},"1":{"name":"(anonymous_1)","decl":{"start":{"line":14,"column":18},"end":{"line":14,"column":19}},"loc":{"start":{"line":14,"column":37},"end":{"line":16,"column":1}},"line":14},"2":{"name":"(anonymous_2)","decl":{"start":{"line":18,"column":18},"end":{"line":18,"column":19}},"loc":{"start":{"line":18,"column":37},"end":{"line":30,"column":1}},"line":18},"3":{"name":"(anonymous_3)","decl":{"start":{"line":23,"column":16},"end":{"line":23,"column":17}},"loc":{"start":{"line":23,"column":33},"end":{"line":25,"column":9}},"line":23},"4":{"name":"(anonymous_4)","decl":{"start":{"line":25,"column":17},"end":{"line":25,"column":18}},"loc":{"start":{"line":25,"column":31},"end":{"line":29,"column":9}},"line":25},"5":{"name":"(anonymous_5)","decl":{"start":{"line":32,"column":22},"end":{"line":32,"column":23}},"loc":{"start":{"line":32,"column":47},"end":{"line":112,"column":1}},"line":32},"6":{"name":"(anonymous_6)","decl":{"start":{"line":102,"column":12},"end":{"line":102,"column":13}},"loc":{"start":{"line":102,"column":29},"end":{"line":104,"column":5}},"line":102},"7":{"name":"(anonymous_7)","decl":{"start":{"line":104,"column":13},"end":{"line":104,"column":14}},"loc":{"start":{"line":104,"column":27},"end":{"line":108,"column":5}},"line":104},"8":{"name":"checkObtainedResults","decl":{"start":{"line":114,"column":9},"end":{"line":114,"column":29}},"loc":{"start":{"line":114,"column":31},"end":{"line":129,"column":1}},"line":114},"9":{"name":"checkIfResultForInterviewExists","decl":{"start":{"line":131,"column":15},"end":{"line":131,"column":46}},"loc":{"start":{"line":131,"column":60},"end":{"line":135,"column":1}},"line":131},"10":{"name":"getActivitiesByPointTypes","decl":{"start":{"line":137,"column":15},"end":{"line":137,"column":40}},"loc":{"start":{"line":137,"column":43},"end":{"line":166,"column":1}},"line":137},"11":{"name":"evaluateHour","decl":{"start":{"line":169,"column":15},"end":{"line":169,"column":27}},"loc":{"start":{"line":169,"column":54},"end":{"line":197,"column":1}},"line":169},"12":{"name":"evaluateDay","decl":{"start":{"line":199,"column":15},"end":{"line":199,"column":26}},"loc":{"start":{"line":199,"column":53},"end":{"line":228,"column":1}},"line":199},"13":{"name":"evaluateWeek","decl":{"start":{"line":230,"column":15},"end":{"line":230,"column":27}},"loc":{"start":{"line":230,"column":54},"end":{"line":256,"column":1}},"line":230},"14":{"name":"addQuestionPointsToResultPoints","decl":{"start":{"line":258,"column":15},"end":{"line":258,"column":46}},"loc":{"start":{"line":258,"column":74},"end":{"line":266,"column":1}},"line":258},"15":{"name":"getAllQuestionsOfInterview","decl":{"start":{"line":268,"column":15},"end":{"line":268,"column":41}},"loc":{"start":{"line":268,"column":55},"end":{"line":281,"column":1}},"line":268},"16":{"name":"includeEventToResults","decl":{"start":{"line":283,"column":15},"end":{"line":283,"column":36}},"loc":{"start":{"line":283,"column":63},"end":{"line":293,"column":1}},"line":283},"17":{"name":"getActivityPoints","decl":{"start":{"line":295,"column":15},"end":{"line":295,"column":32}},"loc":{"start":{"line":295,"column":62},"end":{"line":309,"column":1}},"line":295},"18":{"name":"getEventPoints","decl":{"start":{"line":311,"column":15},"end":{"line":311,"column":29}},"loc":{"start":{"line":311,"column":42},"end":{"line":324,"column":1}},"line":311},"19":{"name":"getLastResultIdByInterviewId","decl":{"start":{"line":326,"column":15},"end":{"line":326,"column":43}},"loc":{"start":{"line":326,"column":57},"end":{"line":339,"column":1}},"line":326},"20":{"name":"updateResult","decl":{"start":{"line":341,"column":15},"end":{"line":341,"column":27}},"loc":{"start":{"line":341,"column":70},"end":{"line":358,"column":1}},"line":341},"21":{"name":"addOccuranceToActivity","decl":{"start":{"line":360,"column":9},"end":{"line":360,"column":31}},"loc":{"start":{"line":360,"column":56},"end":{"line":379,"column":1}},"line":360},"22":{"name":"(anonymous_22)","decl":{"start":{"line":381,"column":17},"end":{"line":381,"column":18}},"loc":{"start":{"line":381,"column":36},"end":{"line":383,"column":1}},"line":381},"23":{"name":"(anonymous_23)","decl":{"start":{"line":385,"column":17},"end":{"line":385,"column":18}},"loc":{"start":{"line":385,"column":36},"end":{"line":387,"column":1}},"line":385}},"branchMap":{"0":{"loc":{"start":{"line":27,"column":25},"end":{"line":27,"column":108}},"type":"binary-expr","locations":[{"start":{"line":27,"column":25},"end":{"line":27,"column":36}},{"start":{"line":27,"column":40},"end":{"line":27,"column":108}}],"line":27},"1":{"loc":{"start":{"line":38,"column":4},"end":{"line":42,"column":5}},"type":"if","locations":[{"start":{"line":38,"column":4},"end":{"line":42,"column":5}},{"start":{"line":38,"column":4},"end":{"line":42,"column":5}}],"line":38},"2":{"loc":{"start":{"line":106,"column":21},"end":{"line":106,"column":104}},"type":"binary-expr","locations":[{"start":{"line":106,"column":21},"end":{"line":106,"column":32}},{"start":{"line":106,"column":36},"end":{"line":106,"column":104}}],"line":106},"3":{"loc":{"start":{"line":172,"column":8},"end":{"line":193,"column":9}},"type":"if","locations":[{"start":{"line":172,"column":8},"end":{"line":193,"column":9}},{"start":{"line":172,"column":8},"end":{"line":193,"column":9}}],"line":172},"4":{"loc":{"start":{"line":202,"column":8},"end":{"line":224,"column":9}},"type":"if","locations":[{"start":{"line":202,"column":8},"end":{"line":224,"column":9}},{"start":{"line":202,"column":8},"end":{"line":224,"column":9}}],"line":202},"5":{"loc":{"start":{"line":232,"column":8},"end":{"line":252,"column":9}},"type":"if","locations":[{"start":{"line":232,"column":8},"end":{"line":252,"column":9}},{"start":{"line":232,"column":8},"end":{"line":252,"column":9}}],"line":232},"6":{"loc":{"start":{"line":286,"column":4},"end":{"line":290,"column":5}},"type":"if","locations":[{"start":{"line":286,"column":4},"end":{"line":290,"column":5}},{"start":{"line":286,"column":4},"end":{"line":290,"column":5}}],"line":286},"7":{"loc":{"start":{"line":288,"column":11},"end":{"line":290,"column":5}},"type":"if","locations":[{"start":{"line":288,"column":11},"end":{"line":290,"column":5}},{"start":{"line":288,"column":11},"end":{"line":290,"column":5}}],"line":288},"8":{"loc":{"start":{"line":362,"column":8},"end":{"line":364,"column":9}},"type":"if","locations":[{"start":{"line":362,"column":8},"end":{"line":364,"column":9}},{"start":{"line":362,"column":8},"end":{"line":364,"column":9}}],"line":362},"9":{"loc":{"start":{"line":368,"column":8},"end":{"line":370,"column":9}},"type":"if","locations":[{"start":{"line":368,"column":8},"end":{"line":370,"column":9}},{"start":{"line":368,"column":8},"end":{"line":370,"column":9}}],"line":368},"10":{"loc":{"start":{"line":375,"column":8},"end":{"line":377,"column":9}},"type":"if","locations":[{"start":{"line":375,"column":8},"end":{"line":377,"column":9}},{"start":{"line":375,"column":8},"end":{"line":377,"column":9}}],"line":375}},"s":{"0":1,"1":1,"2":1,"3":1,"4":1,"5":1,"6":1,"7":1,"8":1,"9":1,"10":1,"11":1,"12":0,"13":0,"14":0,"15":1,"16":0,"17":0,"18":0,"19":0,"20":0,"21":0,"22":0,"23":0,"24":0,"25":0,"26":0,"27":0,"28":0,"29":0,"30":0,"31":0,"32":0,"33":0,"34":0,"35":0,"36":0,"37":0,"38":0,"39":0,"40":0,"41":0,"42":0,"43":0,"44":0,"45":0,"46":0,"47":0,"48":0,"49":0,"50":0,"51":0,"52":0,"53":0,"54":0,"55":0,"56":0,"57":0,"58":0,"59":0,"60":0,"61":0,"62":0,"63":0,"64":0,"65":0,"66":0,"67":0,"68":0,"69":0,"70":0,"71":0,"72":0,"73":0,"74":0,"75":0,"76":0,"77":0,"78":0,"79":0,"80":0,"81":0,"82":0,"83":0,"84":0,"85":0,"86":0,"87":0,"88":0,"89":0,"90":0,"91":0,"92":0,"93":0,"94":0,"95":0,"96":0,"97":0,"98":0,"99":0,"100":0,"101":0,"102":0,"103":0,"104":0,"105":0,"106":0,"107":0,"108":0,"109":0,"110":0,"111":0,"112":0,"113":0,"114":0,"115":0,"116":0,"117":0,"118":0,"119":0,"120":0,"121":0,"122":0,"123":0,"124":0,"125":0,"126":0,"127":0,"128":0,"129":0,"130":0,"131":0,"132":0,"133":0,"134":0,"135":1,"136":1},"f":{"0":0,"1":0,"2":0,"3":0,"4":0,"5":0,"6":0,"7":0,"8":0,"9":0,"10":0,"11":0,"12":0,"13":0,"14":0,"15":0,"16":0,"17":0,"18":0,"19":0,"20":0,"21":0,"22":0,"23":0},"b":{"0":[0,0],"1":[0,0],"2":[0,0],"3":[0,0],"4":[0,0],"5":[0,0],"6":[0,0],"7":[0,0],"8":[0,0],"9":[0,0],"10":[0,0]},"_coverageSchema":"43e27e138ebf9cfc5966b082cf9a028302ed4184","hash":"1045d47518f3a7d5c98e87260691b4b2ff0c77ec"}
,"/home/marlonfurtado/git/manutencao/arbitrium-api-manutencao/app/controllers/week.js": {"path":"/home/marlonfurtado/git/manutencao/arbitrium-api-manutencao/app/controllers/week.js","statementMap":{"0":{"start":{"line":1,"column":11},"end":{"line":1,"column":40}},"1":{"start":{"line":2,"column":18},"end":{"line":2,"column":74}},"2":{"start":{"line":3,"column":17},"end":{"line":3,"column":72}},"3":{"start":{"line":4,"column":18},"end":{"line":4,"column":74}},"4":{"start":{"line":5,"column":20},"end":{"line":5,"column":78}},"5":{"start":{"line":7,"column":0},"end":{"line":78,"column":2}},"6":{"start":{"line":13,"column":24},"end":{"line":13,"column":26}},"7":{"start":{"line":14,"column":28},"end":{"line":14,"column":30}},"8":{"start":{"line":17,"column":4},"end":{"line":17,"column":105}},"9":{"start":{"line":20,"column":4},"end":{"line":24,"column":5}},"10":{"start":{"line":21,"column":8},"end":{"line":23,"column":11}},"11":{"start":{"line":26,"column":4},"end":{"line":77,"column":5}},"12":{"start":{"line":28,"column":21},"end":{"line":33,"column":9}},"13":{"start":{"line":34,"column":8},"end":{"line":34,"column":39}},"14":{"start":{"line":36,"column":19},"end":{"line":36,"column":32}},"15":{"start":{"line":38,"column":8},"end":{"line":66,"column":11}},"16":{"start":{"line":39,"column":12},"end":{"line":65,"column":13}},"17":{"start":{"line":40,"column":33},"end":{"line":40,"column":100}},"18":{"start":{"line":41,"column":32},"end":{"line":41,"column":53}},"19":{"start":{"line":42,"column":31},"end":{"line":42,"column":40}},"20":{"start":{"line":44,"column":16},"end":{"line":60,"column":17}},"21":{"start":{"line":44,"column":28},"end":{"line":44,"column":29}},"22":{"start":{"line":45,"column":20},"end":{"line":59,"column":21}},"23":{"start":{"line":46,"column":37},"end":{"line":52,"column":25}},"24":{"start":{"line":54,"column":24},"end":{"line":54,"column":42}},"25":{"start":{"line":56,"column":24},"end":{"line":58,"column":27}},"26":{"start":{"line":62,"column":16},"end":{"line":64,"column":19}},"27":{"start":{"line":68,"column":28},"end":{"line":68,"column":82}},"28":{"start":{"line":69,"column":8},"end":{"line":69,"column":63}},"29":{"start":{"line":71,"column":8},"end":{"line":71,"column":29}},"30":{"start":{"line":74,"column":8},"end":{"line":76,"column":11}},"31":{"start":{"line":80,"column":0},"end":{"line":82,"column":2}},"32":{"start":{"line":84,"column":0},"end":{"line":86,"column":2}},"33":{"start":{"line":88,"column":0},"end":{"line":90,"column":2}},"34":{"start":{"line":92,"column":0},"end":{"line":94,"column":2}},"35":{"start":{"line":96,"column":0},"end":{"line":114,"column":1}},"36":{"start":{"line":97,"column":23},"end":{"line":97,"column":66}},"37":{"start":{"line":99,"column":19},"end":{"line":99,"column":48}},"38":{"start":{"line":101,"column":4},"end":{"line":105,"column":5}},"39":{"start":{"line":102,"column":8},"end":{"line":104,"column":11}},"40":{"start":{"line":107,"column":4},"end":{"line":107,"column":51}},"41":{"start":{"line":109,"column":4},"end":{"line":111,"column":5}},"42":{"start":{"line":109,"column":16},"end":{"line":109,"column":17}},"43":{"start":{"line":110,"column":8},"end":{"line":110,"column":85}},"44":{"start":{"line":113,"column":4},"end":{"line":113,"column":23}},"45":{"start":{"line":117,"column":30},"end":{"line":126,"column":5}},"46":{"start":{"line":128,"column":4},"end":{"line":128,"column":35}},"47":{"start":{"line":132,"column":21},"end":{"line":141,"column":5}},"48":{"start":{"line":143,"column":4},"end":{"line":143,"column":23}},"49":{"start":{"line":147,"column":21},"end":{"line":156,"column":5}},"50":{"start":{"line":158,"column":4},"end":{"line":158,"column":20}},"51":{"start":{"line":162,"column":21},"end":{"line":171,"column":5}},"52":{"start":{"line":173,"column":4},"end":{"line":173,"column":20}},"53":{"start":{"line":177,"column":24},"end":{"line":185,"column":5}},"54":{"start":{"line":187,"column":4},"end":{"line":187,"column":38}},"55":{"start":{"line":191,"column":17},"end":{"line":196,"column":5}},"56":{"start":{"line":197,"column":4},"end":{"line":197,"column":24}},"57":{"start":{"line":199,"column":4},"end":{"line":199,"column":18}},"58":{"start":{"line":203,"column":27},"end":{"line":203,"column":29}},"59":{"start":{"line":204,"column":4},"end":{"line":230,"column":5}},"60":{"start":{"line":205,"column":8},"end":{"line":205,"column":62}},"61":{"start":{"line":206,"column":11},"end":{"line":230,"column":5}},"62":{"start":{"line":207,"column":8},"end":{"line":207,"column":63}},"63":{"start":{"line":208,"column":12},"end":{"line":230,"column":5}},"64":{"start":{"line":209,"column":8},"end":{"line":209,"column":92}},"65":{"start":{"line":211,"column":8},"end":{"line":229,"column":11}},"66":{"start":{"line":212,"column":12},"end":{"line":228,"column":13}},"67":{"start":{"line":213,"column":16},"end":{"line":227,"column":17}},"68":{"start":{"line":214,"column":20},"end":{"line":214,"column":73}},"69":{"start":{"line":215,"column":23},"end":{"line":227,"column":17}},"70":{"start":{"line":216,"column":20},"end":{"line":216,"column":110}},"71":{"start":{"line":218,"column":20},"end":{"line":226,"column":23}},"72":{"start":{"line":219,"column":24},"end":{"line":225,"column":25}},"73":{"start":{"line":220,"column":28},"end":{"line":224,"column":29}},"74":{"start":{"line":221,"column":32},"end":{"line":221,"column":86}},"75":{"start":{"line":222,"column":35},"end":{"line":224,"column":29}},"76":{"start":{"line":223,"column":32},"end":{"line":223,"column":86}},"77":{"start":{"line":232,"column":4},"end":{"line":232,"column":28}}},"fnMap":{"0":{"name":"(anonymous_0)","decl":{"start":{"line":7,"column":17},"end":{"line":7,"column":18}},"loc":{"start":{"line":7,"column":42},"end":{"line":78,"column":1}},"line":7},"1":{"name":"(anonymous_1)","decl":{"start":{"line":38,"column":27},"end":{"line":38,"column":28}},"loc":{"start":{"line":38,"column":47},"end":{"line":66,"column":9}},"line":38},"2":{"name":"(anonymous_2)","decl":{"start":{"line":80,"column":18},"end":{"line":80,"column":19}},"loc":{"start":{"line":80,"column":37},"end":{"line":82,"column":1}},"line":80},"3":{"name":"(anonymous_3)","decl":{"start":{"line":84,"column":18},"end":{"line":84,"column":19}},"loc":{"start":{"line":84,"column":37},"end":{"line":86,"column":1}},"line":84},"4":{"name":"(anonymous_4)","decl":{"start":{"line":88,"column":17},"end":{"line":88,"column":18}},"loc":{"start":{"line":88,"column":36},"end":{"line":90,"column":1}},"line":88},"5":{"name":"(anonymous_5)","decl":{"start":{"line":92,"column":17},"end":{"line":92,"column":18}},"loc":{"start":{"line":92,"column":36},"end":{"line":94,"column":1}},"line":92},"6":{"name":"(anonymous_6)","decl":{"start":{"line":96,"column":23},"end":{"line":96,"column":24}},"loc":{"start":{"line":96,"column":48},"end":{"line":114,"column":1}},"line":96},"7":{"name":"getScheduleId","decl":{"start":{"line":116,"column":15},"end":{"line":116,"column":28}},"loc":{"start":{"line":116,"column":42},"end":{"line":129,"column":1}},"line":116},"8":{"name":"getLastWeek","decl":{"start":{"line":131,"column":15},"end":{"line":131,"column":26}},"loc":{"start":{"line":131,"column":39},"end":{"line":144,"column":1}},"line":131},"9":{"name":"getWeekDays","decl":{"start":{"line":146,"column":15},"end":{"line":146,"column":26}},"loc":{"start":{"line":146,"column":35},"end":{"line":159,"column":1}},"line":146},"10":{"name":"getDayHoursAndActivities","decl":{"start":{"line":161,"column":15},"end":{"line":161,"column":39}},"loc":{"start":{"line":161,"column":47},"end":{"line":174,"column":1}},"line":161},"11":{"name":"getInterviewIdByScheduleId","decl":{"start":{"line":176,"column":15},"end":{"line":176,"column":41}},"loc":{"start":{"line":176,"column":54},"end":{"line":188,"column":1}},"line":176},"12":{"name":"createWeekResultLine","decl":{"start":{"line":190,"column":15},"end":{"line":190,"column":35}},"loc":{"start":{"line":190,"column":57},"end":{"line":200,"column":1}},"line":190},"13":{"name":"postValidations","decl":{"start":{"line":202,"column":15},"end":{"line":202,"column":30}},"loc":{"start":{"line":202,"column":61},"end":{"line":233,"column":1}},"line":202},"14":{"name":"(anonymous_14)","decl":{"start":{"line":211,"column":27},"end":{"line":211,"column":28}},"loc":{"start":{"line":211,"column":47},"end":{"line":229,"column":9}},"line":211},"15":{"name":"(anonymous_15)","decl":{"start":{"line":218,"column":44},"end":{"line":218,"column":45}},"loc":{"start":{"line":218,"column":65},"end":{"line":226,"column":21}},"line":218}},"branchMap":{"0":{"loc":{"start":{"line":20,"column":4},"end":{"line":24,"column":5}},"type":"if","locations":[{"start":{"line":20,"column":4},"end":{"line":24,"column":5}},{"start":{"line":20,"column":4},"end":{"line":24,"column":5}}],"line":20},"1":{"loc":{"start":{"line":20,"column":7},"end":{"line":20,"column":61}},"type":"binary-expr","locations":[{"start":{"line":20,"column":7},"end":{"line":20,"column":24}},{"start":{"line":20,"column":28},"end":{"line":20,"column":61}}],"line":20},"2":{"loc":{"start":{"line":57,"column":37},"end":{"line":57,"column":98}},"type":"binary-expr","locations":[{"start":{"line":57,"column":37},"end":{"line":57,"column":48}},{"start":{"line":57,"column":52},"end":{"line":57,"column":98}}],"line":57},"3":{"loc":{"start":{"line":63,"column":29},"end":{"line":63,"column":89}},"type":"binary-expr","locations":[{"start":{"line":63,"column":29},"end":{"line":63,"column":40}},{"start":{"line":63,"column":44},"end":{"line":63,"column":89}}],"line":63},"4":{"loc":{"start":{"line":75,"column":21},"end":{"line":75,"column":82}},"type":"binary-expr","locations":[{"start":{"line":75,"column":21},"end":{"line":75,"column":32}},{"start":{"line":75,"column":36},"end":{"line":75,"column":82}}],"line":75},"5":{"loc":{"start":{"line":101,"column":4},"end":{"line":105,"column":5}},"type":"if","locations":[{"start":{"line":101,"column":4},"end":{"line":105,"column":5}},{"start":{"line":101,"column":4},"end":{"line":105,"column":5}}],"line":101},"6":{"loc":{"start":{"line":204,"column":4},"end":{"line":230,"column":5}},"type":"if","locations":[{"start":{"line":204,"column":4},"end":{"line":230,"column":5}},{"start":{"line":204,"column":4},"end":{"line":230,"column":5}}],"line":204},"7":{"loc":{"start":{"line":206,"column":11},"end":{"line":230,"column":5}},"type":"if","locations":[{"start":{"line":206,"column":11},"end":{"line":230,"column":5}},{"start":{"line":206,"column":11},"end":{"line":230,"column":5}}],"line":206},"8":{"loc":{"start":{"line":208,"column":12},"end":{"line":230,"column":5}},"type":"if","locations":[{"start":{"line":208,"column":12},"end":{"line":230,"column":5}},{"start":{"line":208,"column":12},"end":{"line":230,"column":5}}],"line":208},"9":{"loc":{"start":{"line":208,"column":15},"end":{"line":208,"column":39}},"type":"binary-expr","locations":[{"start":{"line":208,"column":15},"end":{"line":208,"column":20}},{"start":{"line":208,"column":24},"end":{"line":208,"column":39}}],"line":208},"10":{"loc":{"start":{"line":212,"column":12},"end":{"line":228,"column":13}},"type":"if","locations":[{"start":{"line":212,"column":12},"end":{"line":228,"column":13}},{"start":{"line":212,"column":12},"end":{"line":228,"column":13}}],"line":212},"11":{"loc":{"start":{"line":212,"column":15},"end":{"line":212,"column":65}},"type":"binary-expr","locations":[{"start":{"line":212,"column":15},"end":{"line":212,"column":32}},{"start":{"line":212,"column":36},"end":{"line":212,"column":65}}],"line":212},"12":{"loc":{"start":{"line":213,"column":16},"end":{"line":227,"column":17}},"type":"if","locations":[{"start":{"line":213,"column":16},"end":{"line":227,"column":17}},{"start":{"line":213,"column":16},"end":{"line":227,"column":17}}],"line":213},"13":{"loc":{"start":{"line":215,"column":23},"end":{"line":227,"column":17}},"type":"if","locations":[{"start":{"line":215,"column":23},"end":{"line":227,"column":17}},{"start":{"line":215,"column":23},"end":{"line":227,"column":17}}],"line":215},"14":{"loc":{"start":{"line":215,"column":26},"end":{"line":215,"column":61}},"type":"binary-expr","locations":[{"start":{"line":215,"column":26},"end":{"line":215,"column":36}},{"start":{"line":215,"column":40},"end":{"line":215,"column":61}}],"line":215},"15":{"loc":{"start":{"line":219,"column":24},"end":{"line":225,"column":25}},"type":"if","locations":[{"start":{"line":219,"column":24},"end":{"line":225,"column":25}},{"start":{"line":219,"column":24},"end":{"line":225,"column":25}}],"line":219},"16":{"loc":{"start":{"line":219,"column":27},"end":{"line":219,"column":77}},"type":"binary-expr","locations":[{"start":{"line":219,"column":27},"end":{"line":219,"column":44}},{"start":{"line":219,"column":48},"end":{"line":219,"column":77}}],"line":219},"17":{"loc":{"start":{"line":220,"column":28},"end":{"line":224,"column":29}},"type":"if","locations":[{"start":{"line":220,"column":28},"end":{"line":224,"column":29}},{"start":{"line":220,"column":28},"end":{"line":224,"column":29}}],"line":220},"18":{"loc":{"start":{"line":222,"column":35},"end":{"line":224,"column":29}},"type":"if","locations":[{"start":{"line":222,"column":35},"end":{"line":224,"column":29}},{"start":{"line":222,"column":35},"end":{"line":224,"column":29}}],"line":222},"19":{"loc":{"start":{"line":222,"column":39},"end":{"line":222,"column":82}},"type":"binary-expr","locations":[{"start":{"line":222,"column":39},"end":{"line":222,"column":61}},{"start":{"line":222,"column":65},"end":{"line":222,"column":82}}],"line":222}},"s":{"0":1,"1":1,"2":1,"3":1,"4":1,"5":1,"6":0,"7":0,"8":0,"9":0,"10":0,"11":0,"12":0,"13":0,"14":0,"15":0,"16":0,"17":0,"18":0,"19":0,"20":0,"21":0,"22":0,"23":0,"24":0,"25":0,"26":0,"27":0,"28":0,"29":0,"30":0,"31":1,"32":1,"33":1,"34":1,"35":1,"36":0,"37":0,"38":0,"39":0,"40":0,"41":0,"42":0,"43":0,"44":0,"45":0,"46":0,"47":0,"48":0,"49":0,"50":0,"51":0,"52":0,"53":0,"54":0,"55":0,"56":0,"57":0,"58":0,"59":0,"60":0,"61":0,"62":0,"63":0,"64":0,"65":0,"66":0,"67":0,"68":0,"69":0,"70":0,"71":0,"72":0,"73":0,"74":0,"75":0,"76":0,"77":0},"f":{"0":0,"1":0,"2":0,"3":0,"4":0,"5":0,"6":0,"7":0,"8":0,"9":0,"10":0,"11":0,"12":0,"13":0,"14":0,"15":0},"b":{"0":[0,0],"1":[0,0],"2":[0,0],"3":[0,0],"4":[0,0],"5":[0,0],"6":[0,0],"7":[0,0],"8":[0,0],"9":[0,0],"10":[0,0],"11":[0,0],"12":[0,0],"13":[0,0],"14":[0,0],"15":[0,0],"16":[0,0],"17":[0,0],"18":[0,0],"19":[0,0]},"_coverageSchema":"43e27e138ebf9cfc5966b082cf9a028302ed4184","hash":"de1ebac4d62e789e7fbfde29d484892589a1e8e9"}
,"/home/marlonfurtado/git/manutencao/arbitrium-api-manutencao/app/models/activity.js": {"path":"/home/marlonfurtado/git/manutencao/arbitrium-api-manutencao/app/models/activity.js","statementMap":{"0":{"start":{"line":1,"column":0},"end":{"line":27,"column":1}},"1":{"start":{"line":2,"column":19},"end":{"line":24,"column":6}},"2":{"start":{"line":26,"column":4},"end":{"line":26,"column":20}}},"fnMap":{"0":{"name":"(anonymous_0)","decl":{"start":{"line":1,"column":17},"end":{"line":1,"column":18}},"loc":{"start":{"line":1,"column":48},"end":{"line":27,"column":1}},"line":1}},"branchMap":{},"s":{"0":1,"1":2,"2":2},"f":{"0":2},"b":{},"_coverageSchema":"43e27e138ebf9cfc5966b082cf9a028302ed4184","hash":"f09892eabc7524442123868e211a597a3117784d"}
,"/home/marlonfurtado/git/manutencao/arbitrium-api-manutencao/app/models/activity_punctuation.js": {"path":"/home/marlonfurtado/git/manutencao/arbitrium-api-manutencao/app/models/activity_punctuation.js","statementMap":{"0":{"start":{"line":1,"column":0},"end":{"line":55,"column":1}},"1":{"start":{"line":2,"column":30},"end":{"line":52,"column":6}},"2":{"start":{"line":54,"column":4},"end":{"line":54,"column":31}}},"fnMap":{"0":{"name":"(anonymous_0)","decl":{"start":{"line":1,"column":17},"end":{"line":1,"column":18}},"loc":{"start":{"line":1,"column":48},"end":{"line":55,"column":1}},"line":1}},"branchMap":{},"s":{"0":1,"1":2,"2":2},"f":{"0":2},"b":{},"_coverageSchema":"43e27e138ebf9cfc5966b082cf9a028302ed4184","hash":"08bee1bbc156e9fe145020e4da1dfb87fe6720b3"}
,"/home/marlonfurtado/git/manutencao/arbitrium-api-manutencao/app/models/day.js": {"path":"/home/marlonfurtado/git/manutencao/arbitrium-api-manutencao/app/models/day.js","statementMap":{"0":{"start":{"line":1,"column":0},"end":{"line":31,"column":1}},"1":{"start":{"line":2,"column":14},"end":{"line":28,"column":6}},"2":{"start":{"line":30,"column":4},"end":{"line":30,"column":15}}},"fnMap":{"0":{"name":"(anonymous_0)","decl":{"start":{"line":1,"column":17},"end":{"line":1,"column":18}},"loc":{"start":{"line":1,"column":48},"end":{"line":31,"column":1}},"line":1}},"branchMap":{},"s":{"0":1,"1":3,"2":3},"f":{"0":3},"b":{},"_coverageSchema":"43e27e138ebf9cfc5966b082cf9a028302ed4184","hash":"7c2d009e81cfe4ee90f513390ec3afe8495b3fab"}
,"/home/marlonfurtado/git/manutencao/arbitrium-api-manutencao/app/models/event.js": {"path":"/home/marlonfurtado/git/manutencao/arbitrium-api-manutencao/app/models/event.js","statementMap":{"0":{"start":{"line":1,"column":0},"end":{"line":52,"column":1}},"1":{"start":{"line":2,"column":16},"end":{"line":49,"column":6}},"2":{"start":{"line":51,"column":4},"end":{"line":51,"column":17}}},"fnMap":{"0":{"name":"(anonymous_0)","decl":{"start":{"line":1,"column":17},"end":{"line":1,"column":18}},"loc":{"start":{"line":1,"column":48},"end":{"line":52,"column":1}},"line":1}},"branchMap":{},"s":{"0":1,"1":2,"2":2},"f":{"0":2},"b":{},"_coverageSchema":"43e27e138ebf9cfc5966b082cf9a028302ed4184","hash":"893968f1d6b62d703f9357d10242af308bb9f373"}
,"/home/marlonfurtado/git/manutencao/arbitrium-api-manutencao/app/models/hour.js": {"path":"/home/marlonfurtado/git/manutencao/arbitrium-api-manutencao/app/models/hour.js","statementMap":{"0":{"start":{"line":1,"column":0},"end":{"line":39,"column":1}},"1":{"start":{"line":2,"column":15},"end":{"line":36,"column":6}},"2":{"start":{"line":38,"column":4},"end":{"line":38,"column":16}}},"fnMap":{"0":{"name":"(anonymous_0)","decl":{"start":{"line":1,"column":17},"end":{"line":1,"column":18}},"loc":{"start":{"line":1,"column":48},"end":{"line":39,"column":1}},"line":1}},"branchMap":{},"s":{"0":1,"1":3,"2":3},"f":{"0":3},"b":{},"_coverageSchema":"43e27e138ebf9cfc5966b082cf9a028302ed4184","hash":"637974aab1ac87033dc8c57b8db1ea1a6200021d"}
,"/home/marlonfurtado/git/manutencao/arbitrium-api-manutencao/app/models/index.js": {"path":"/home/marlonfurtado/git/manutencao/arbitrium-api-manutencao/app/models/index.js","statementMap":{"0":{"start":{"line":4,"column":11},"end":{"line":4,"column":26}},"1":{"start":{"line":5,"column":16},"end":{"line":5,"column":36}},"2":{"start":{"line":6,"column":10},"end":{"line":6,"column":47}},"3":{"start":{"line":7,"column":13},"end":{"line":7,"column":88}},"4":{"start":{"line":8,"column":16},"end":{"line":8,"column":88}},"5":{"start":{"line":9,"column":9},"end":{"line":9,"column":11}},"6":{"start":{"line":27,"column":0},"end":{"line":27,"column":25}},"7":{"start":{"line":28,"column":0},"end":{"line":28,"column":25}},"8":{"start":{"line":31,"column":0},"end":{"line":31,"column":66}},"9":{"start":{"line":32,"column":0},"end":{"line":32,"column":56}},"10":{"start":{"line":33,"column":0},"end":{"line":33,"column":63}},"11":{"start":{"line":36,"column":0},"end":{"line":36,"column":64}},"12":{"start":{"line":37,"column":0},"end":{"line":37,"column":62}},"13":{"start":{"line":38,"column":0},"end":{"line":38,"column":54}},"14":{"start":{"line":39,"column":0},"end":{"line":39,"column":52}},"15":{"start":{"line":40,"column":0},"end":{"line":40,"column":83}},"16":{"start":{"line":41,"column":0},"end":{"line":41,"column":54}},"17":{"start":{"line":42,"column":0},"end":{"line":42,"column":62}},"18":{"start":{"line":43,"column":0},"end":{"line":43,"column":58}},"19":{"start":{"line":46,"column":0},"end":{"line":46,"column":38}},"20":{"start":{"line":47,"column":0},"end":{"line":47,"column":40}},"21":{"start":{"line":48,"column":0},"end":{"line":48,"column":35}},"22":{"start":{"line":49,"column":0},"end":{"line":49,"column":38}},"23":{"start":{"line":50,"column":0},"end":{"line":50,"column":31}},"24":{"start":{"line":51,"column":0},"end":{"line":51,"column":33}},"25":{"start":{"line":52,"column":0},"end":{"line":52,"column":26}},"26":{"start":{"line":53,"column":0},"end":{"line":53,"column":28}},"27":{"start":{"line":54,"column":0},"end":{"line":54,"column":26}},"28":{"start":{"line":55,"column":0},"end":{"line":55,"column":28}},"29":{"start":{"line":56,"column":0},"end":{"line":56,"column":34}},"30":{"start":{"line":57,"column":0},"end":{"line":57,"column":33}},"31":{"start":{"line":60,"column":0},"end":{"line":60,"column":32}},"32":{"start":{"line":61,"column":0},"end":{"line":61,"column":48}},"33":{"start":{"line":62,"column":0},"end":{"line":62,"column":50}},"34":{"start":{"line":65,"column":0},"end":{"line":65,"column":38}},"35":{"start":{"line":66,"column":0},"end":{"line":66,"column":34}},"36":{"start":{"line":69,"column":0},"end":{"line":69,"column":33}},"37":{"start":{"line":70,"column":0},"end":{"line":70,"column":36}},"38":{"start":{"line":71,"column":0},"end":{"line":71,"column":28}},"39":{"start":{"line":72,"column":0},"end":{"line":72,"column":31}},"40":{"start":{"line":74,"column":0},"end":{"line":74,"column":20}}},"fnMap":{},"branchMap":{"0":{"loc":{"start":{"line":6,"column":10},"end":{"line":6,"column":47}},"type":"binary-expr","locations":[{"start":{"line":6,"column":10},"end":{"line":6,"column":30}},{"start":{"line":6,"column":34},"end":{"line":6,"column":47}}],"line":6}},"s":{"0":1,"1":1,"2":1,"3":1,"4":1,"5":1,"6":1,"7":1,"8":1,"9":1,"10":1,"11":1,"12":1,"13":1,"14":1,"15":1,"16":1,"17":1,"18":1,"19":1,"20":1,"21":1,"22":1,"23":1,"24":1,"25":1,"26":1,"27":1,"28":1,"29":1,"30":1,"31":1,"32":1,"33":1,"34":1,"35":1,"36":1,"37":1,"38":1,"39":1,"40":1},"f":{},"b":{"0":[1,0]},"_coverageSchema":"43e27e138ebf9cfc5966b082cf9a028302ed4184","hash":"d69475402a4917c255d77fdc2e7d8b7a5e1b67c3"}
,"/home/marlonfurtado/git/manutencao/arbitrium-api-manutencao/app/models/interview.js": {"path":"/home/marlonfurtado/git/manutencao/arbitrium-api-manutencao/app/models/interview.js","statementMap":{"0":{"start":{"line":1,"column":0},"end":{"line":35,"column":1}},"1":{"start":{"line":2,"column":20},"end":{"line":32,"column":6}},"2":{"start":{"line":34,"column":4},"end":{"line":34,"column":21}}},"fnMap":{"0":{"name":"(anonymous_0)","decl":{"start":{"line":1,"column":17},"end":{"line":1,"column":18}},"loc":{"start":{"line":1,"column":48},"end":{"line":35,"column":1}},"line":1}},"branchMap":{},"s":{"0":1,"1":3,"2":3},"f":{"0":3},"b":{},"_coverageSchema":"43e27e138ebf9cfc5966b082cf9a028302ed4184","hash":"5d9f0f18db27df1afa5f9b71566721e3464a0519"}
,"/home/marlonfurtado/git/manutencao/arbitrium-api-manutencao/app/models/question.js": {"path":"/home/marlonfurtado/git/manutencao/arbitrium-api-manutencao/app/models/question.js","statementMap":{"0":{"start":{"line":1,"column":0},"end":{"line":43,"column":1}},"1":{"start":{"line":2,"column":19},"end":{"line":40,"column":6}},"2":{"start":{"line":42,"column":4},"end":{"line":42,"column":20}}},"fnMap":{"0":{"name":"(anonymous_0)","decl":{"start":{"line":1,"column":17},"end":{"line":1,"column":18}},"loc":{"start":{"line":1,"column":48},"end":{"line":43,"column":1}},"line":1}},"branchMap":{},"s":{"0":1,"1":2,"2":2},"f":{"0":2},"b":{},"_coverageSchema":"43e27e138ebf9cfc5966b082cf9a028302ed4184","hash":"c439447639598a853210eb92c91e6339ac3479ab"}
,"/home/marlonfurtado/git/manutencao/arbitrium-api-manutencao/app/models/researcher.js": {"path":"/home/marlonfurtado/git/manutencao/arbitrium-api-manutencao/app/models/researcher.js","statementMap":{"0":{"start":{"line":1,"column":0},"end":{"line":36,"column":1}},"1":{"start":{"line":2,"column":21},"end":{"line":33,"column":6}},"2":{"start":{"line":35,"column":4},"end":{"line":35,"column":22}}},"fnMap":{"0":{"name":"(anonymous_0)","decl":{"start":{"line":1,"column":17},"end":{"line":1,"column":18}},"loc":{"start":{"line":1,"column":48},"end":{"line":36,"column":1}},"line":1}},"branchMap":{},"s":{"0":1,"1":1,"2":1},"f":{"0":1},"b":{},"_coverageSchema":"43e27e138ebf9cfc5966b082cf9a028302ed4184","hash":"d312e06d0c5c6e4fd5549d286aca1871943b8420"}
,"/home/marlonfurtado/git/manutencao/arbitrium-api-manutencao/app/models/result.js": {"path":"/home/marlonfurtado/git/manutencao/arbitrium-api-manutencao/app/models/result.js","statementMap":{"0":{"start":{"line":1,"column":0},"end":{"line":83,"column":1}},"1":{"start":{"line":2,"column":17},"end":{"line":80,"column":6}},"2":{"start":{"line":82,"column":4},"end":{"line":82,"column":18}}},"fnMap":{"0":{"name":"(anonymous_0)","decl":{"start":{"line":1,"column":17},"end":{"line":1,"column":18}},"loc":{"start":{"line":1,"column":48},"end":{"line":83,"column":1}},"line":1}},"branchMap":{},"s":{"0":1,"1":3,"2":3},"f":{"0":3},"b":{},"_coverageSchema":"43e27e138ebf9cfc5966b082cf9a028302ed4184","hash":"2221f9828727238e28697695531f9430d22ce903"}
,"/home/marlonfurtado/git/manutencao/arbitrium-api-manutencao/app/models/schedule.js": {"path":"/home/marlonfurtado/git/manutencao/arbitrium-api-manutencao/app/models/schedule.js","statementMap":{"0":{"start":{"line":1,"column":0},"end":{"line":27,"column":1}},"1":{"start":{"line":2,"column":19},"end":{"line":24,"column":6}},"2":{"start":{"line":26,"column":4},"end":{"line":26,"column":20}}},"fnMap":{"0":{"name":"(anonymous_0)","decl":{"start":{"line":1,"column":17},"end":{"line":1,"column":18}},"loc":{"start":{"line":1,"column":48},"end":{"line":27,"column":1}},"line":1}},"branchMap":{},"s":{"0":1,"1":3,"2":3},"f":{"0":3},"b":{},"_coverageSchema":"43e27e138ebf9cfc5966b082cf9a028302ed4184","hash":"613dbc54d480904b5093e90ad554bce686b52712"}
,"/home/marlonfurtado/git/manutencao/arbitrium-api-manutencao/app/models/week.js": {"path":"/home/marlonfurtado/git/manutencao/arbitrium-api-manutencao/app/models/week.js","statementMap":{"0":{"start":{"line":1,"column":0},"end":{"line":31,"column":1}},"1":{"start":{"line":2,"column":15},"end":{"line":28,"column":6}},"2":{"start":{"line":30,"column":4},"end":{"line":30,"column":16}}},"fnMap":{"0":{"name":"(anonymous_0)","decl":{"start":{"line":1,"column":17},"end":{"line":1,"column":18}},"loc":{"start":{"line":1,"column":48},"end":{"line":31,"column":1}},"line":1}},"branchMap":{},"s":{"0":1,"1":3,"2":3},"f":{"0":3},"b":{},"_coverageSchema":"43e27e138ebf9cfc5966b082cf9a028302ed4184","hash":"a2092a90c4c768d690ef82e6b7555e5284695e3a"}
,"/home/marlonfurtado/git/manutencao/arbitrium-api-manutencao/app/routes/activity.js": {"path":"/home/marlonfurtado/git/manutencao/arbitrium-api-manutencao/app/routes/activity.js","statementMap":{"0":{"start":{"line":1,"column":0},"end":{"line":18,"column":1}},"1":{"start":{"line":2,"column":29},"end":{"line":2,"column":66}},"2":{"start":{"line":8,"column":4},"end":{"line":8,"column":55}},"3":{"start":{"line":11,"column":4},"end":{"line":11,"column":67}}},"fnMap":{"0":{"name":"(anonymous_0)","decl":{"start":{"line":1,"column":17},"end":{"line":1,"column":18}},"loc":{"start":{"line":1,"column":31},"end":{"line":18,"column":1}},"line":1}},"branchMap":{},"s":{"0":1,"1":1,"2":1,"3":1},"f":{"0":1},"b":{},"_coverageSchema":"43e27e138ebf9cfc5966b082cf9a028302ed4184","hash":"9a51062204921e816b377c231c5a85df78469eb9"}
,"/home/marlonfurtado/git/manutencao/arbitrium-api-manutencao/app/routes/event.js": {"path":"/home/marlonfurtado/git/manutencao/arbitrium-api-manutencao/app/routes/event.js","statementMap":{"0":{"start":{"line":1,"column":0},"end":{"line":18,"column":1}},"1":{"start":{"line":2,"column":25},"end":{"line":2,"column":59}},"2":{"start":{"line":8,"column":3},"end":{"line":8,"column":47}},"3":{"start":{"line":11,"column":3},"end":{"line":11,"column":56}}},"fnMap":{"0":{"name":"(anonymous_0)","decl":{"start":{"line":1,"column":17},"end":{"line":1,"column":18}},"loc":{"start":{"line":1,"column":31},"end":{"line":18,"column":1}},"line":1}},"branchMap":{},"s":{"0":1,"1":1,"2":1,"3":1},"f":{"0":1},"b":{},"_coverageSchema":"43e27e138ebf9cfc5966b082cf9a028302ed4184","hash":"3ccefe117db967c757e20cb307a9b0b3985ef4dd"}
,"/home/marlonfurtado/git/manutencao/arbitrium-api-manutencao/app/routes/interview.js": {"path":"/home/marlonfurtado/git/manutencao/arbitrium-api-manutencao/app/routes/interview.js","statementMap":{"0":{"start":{"line":1,"column":0},"end":{"line":18,"column":1}},"1":{"start":{"line":2,"column":30},"end":{"line":2,"column":68}},"2":{"start":{"line":5,"column":4},"end":{"line":5,"column":56}}},"fnMap":{"0":{"name":"(anonymous_0)","decl":{"start":{"line":1,"column":17},"end":{"line":1,"column":18}},"loc":{"start":{"line":1,"column":31},"end":{"line":18,"column":1}},"line":1}},"branchMap":{},"s":{"0":1,"1":1,"2":1},"f":{"0":1},"b":{},"_coverageSchema":"43e27e138ebf9cfc5966b082cf9a028302ed4184","hash":"92f5a48ca4eba5de4c3be18f09118b6d1bac329b"}
,"/home/marlonfurtado/git/manutencao/arbitrium-api-manutencao/app/routes/question.js": {"path":"/home/marlonfurtado/git/manutencao/arbitrium-api-manutencao/app/routes/question.js","statementMap":{"0":{"start":{"line":1,"column":0},"end":{"line":16,"column":1}},"1":{"start":{"line":2,"column":29},"end":{"line":2,"column":66}},"2":{"start":{"line":6,"column":4},"end":{"line":6,"column":65}},"3":{"start":{"line":9,"column":4},"end":{"line":9,"column":54}}},"fnMap":{"0":{"name":"(anonymous_0)","decl":{"start":{"line":1,"column":17},"end":{"line":1,"column":18}},"loc":{"start":{"line":1,"column":30},"end":{"line":16,"column":1}},"line":1}},"branchMap":{},"s":{"0":1,"1":1,"2":1,"3":1},"f":{"0":1},"b":{},"_coverageSchema":"43e27e138ebf9cfc5966b082cf9a028302ed4184","hash":"27ecd1314cadaf50092aa079f100f6217bbdd7d2"}
,"/home/marlonfurtado/git/manutencao/arbitrium-api-manutencao/app/routes/report.js": {"path":"/home/marlonfurtado/git/manutencao/arbitrium-api-manutencao/app/routes/report.js","statementMap":{"0":{"start":{"line":1,"column":0},"end":{"line":21,"column":1}},"1":{"start":{"line":2,"column":27},"end":{"line":2,"column":62}},"2":{"start":{"line":8,"column":4},"end":{"line":8,"column":49}}},"fnMap":{"0":{"name":"(anonymous_0)","decl":{"start":{"line":1,"column":17},"end":{"line":1,"column":18}},"loc":{"start":{"line":1,"column":31},"end":{"line":21,"column":1}},"line":1}},"branchMap":{},"s":{"0":1,"1":1,"2":1},"f":{"0":1},"b":{},"_coverageSchema":"43e27e138ebf9cfc5966b082cf9a028302ed4184","hash":"af89bbd799cf5511f545f7aba7ca3437cc439458"}
,"/home/marlonfurtado/git/manutencao/arbitrium-api-manutencao/app/routes/result.js": {"path":"/home/marlonfurtado/git/manutencao/arbitrium-api-manutencao/app/routes/result.js","statementMap":{"0":{"start":{"line":1,"column":0},"end":{"line":21,"column":1}},"1":{"start":{"line":2,"column":27},"end":{"line":2,"column":62}},"2":{"start":{"line":11,"column":4},"end":{"line":11,"column":76}}},"fnMap":{"0":{"name":"(anonymous_0)","decl":{"start":{"line":1,"column":17},"end":{"line":1,"column":18}},"loc":{"start":{"line":1,"column":31},"end":{"line":21,"column":1}},"line":1}},"branchMap":{},"s":{"0":1,"1":1,"2":1},"f":{"0":1},"b":{},"_coverageSchema":"43e27e138ebf9cfc5966b082cf9a028302ed4184","hash":"b0b77fb7c33684ff7f66adb8d452de0c2104e328"}
,"/home/marlonfurtado/git/manutencao/arbitrium-api-manutencao/app/routes/week.js": {"path":"/home/marlonfurtado/git/manutencao/arbitrium-api-manutencao/app/routes/week.js","statementMap":{"0":{"start":{"line":1,"column":0},"end":{"line":20,"column":1}},"1":{"start":{"line":2,"column":25},"end":{"line":2,"column":58}},"2":{"start":{"line":5,"column":4},"end":{"line":5,"column":45}},"3":{"start":{"line":13,"column":4},"end":{"line":13,"column":73}}},"fnMap":{"0":{"name":"(anonymous_0)","decl":{"start":{"line":1,"column":17},"end":{"line":1,"column":18}},"loc":{"start":{"line":1,"column":31},"end":{"line":20,"column":1}},"line":1}},"branchMap":{},"s":{"0":1,"1":1,"2":1,"3":1},"f":{"0":1},"b":{},"_coverageSchema":"43e27e138ebf9cfc5966b082cf9a028302ed4184","hash":"c7c241bdedbd6dfc16b1e4d0b1bb061ff41b1118"}
}
