TN:
SF:/home/marlonfurtado/git/manutencao/arbitrium-api-manutencao/server.js
FN:21,(anonymous_0)
FN:49,(anonymous_1)
FN:55,(anonymous_2)
FN:67,(anonymous_3)
FN:73,(anonymous_4)
FN:80,(anonymous_5)
FN:87,(anonymous_6)
FN:94,(anonymous_7)
FN:101,(anonymous_8)
FN:108,(anonymous_9)
FN:126,(anonymous_10)
FN:131,(anonymous_11)
FN:145,(anonymous_12)
FNF:13
FNH:2
FNDA:0,(anonymous_0)
FNDA:0,(anonymous_1)
FNDA:0,(anonymous_2)
FNDA:0,(anonymous_3)
FNDA:0,(anonymous_4)
FNDA:0,(anonymous_5)
FNDA:0,(anonymous_6)
FNDA:0,(anonymous_7)
FNDA:0,(anonymous_8)
FNDA:0,(anonymous_9)
FNDA:1,(anonymous_10)
FNDA:1,(anonymous_11)
FNDA:0,(anonymous_12)
DA:1,1
DA:2,1
DA:3,1
DA:4,1
DA:5,1
DA:6,1
DA:7,1
DA:8,1
DA:11,1
DA:12,1
DA:14,1
DA:15,1
DA:16,1
DA:18,1
DA:21,1
DA:22,0
DA:23,0
DA:24,0
DA:25,0
DA:26,0
DA:27,0
DA:28,0
DA:29,0
DA:30,0
DA:31,0
DA:32,0
DA:33,0
DA:34,0
DA:35,0
DA:36,0
DA:37,0
DA:38,0
DA:39,0
DA:40,0
DA:41,0
DA:42,0
DA:43,0
DA:46,0
DA:49,0
DA:50,0
DA:55,0
DA:56,0
DA:62,0
DA:63,0
DA:67,0
DA:68,0
DA:73,0
DA:74,0
DA:80,0
DA:81,0
DA:87,0
DA:88,0
DA:94,0
DA:95,0
DA:101,0
DA:102,0
DA:108,0
DA:109,0
DA:115,0
DA:127,1
DA:131,1
DA:132,1
DA:136,1
DA:137,1
DA:138,1
DA:139,1
DA:140,1
DA:141,1
DA:142,1
DA:145,1
DA:146,0
DA:149,1
LF:72
LH:27
BRF:0
BRH:0
end_of_record
TN:
SF:/home/marlonfurtado/git/manutencao/arbitrium-api-manutencao/app/controllers/activity.js
FN:4,(anonymous_0)
FN:8,(anonymous_1)
FN:10,(anonymous_2)
FN:12,(anonymous_3)
FN:19,(anonymous_4)
FN:24,(anonymous_5)
FN:26,(anonymous_6)
FN:33,(anonymous_7)
FN:48,(anonymous_8)
FN:66,(anonymous_9)
FN:79,(anonymous_10)
FNF:11
FNH:2
FNDA:0,(anonymous_0)
FNDA:0,(anonymous_1)
FNDA:0,(anonymous_2)
FNDA:0,(anonymous_3)
FNDA:1,(anonymous_4)
FNDA:0,(anonymous_5)
FNDA:1,(anonymous_6)
FNDA:0,(anonymous_7)
FNDA:0,(anonymous_8)
FNDA:0,(anonymous_9)
FNDA:0,(anonymous_10)
DA:1,1
DA:2,1
DA:4,1
DA:8,1
DA:9,0
DA:11,0
DA:13,0
DA:19,1
DA:20,1
DA:25,0
DA:27,1
DA:33,1
DA:34,0
DA:35,0
DA:40,0
DA:41,0
DA:45,0
DA:50,0
DA:52,0
DA:55,0
DA:57,0
DA:62,0
DA:68,0
DA:69,0
DA:73,0
DA:79,1
LF:26
LH:9
BRDA:14,0,0,0
BRDA:14,0,1,0
BRDA:28,1,0,1
BRDA:28,1,1,0
BRDA:34,2,0,0
BRDA:34,2,1,0
BRDA:40,3,0,0
BRDA:40,3,1,0
BRDA:50,4,0,0
BRDA:50,4,1,0
BRDA:55,5,0,0
BRDA:55,5,1,0
BRDA:68,6,0,0
BRDA:68,6,1,0
BRF:14
BRH:1
end_of_record
TN:
SF:/home/marlonfurtado/git/manutencao/arbitrium-api-manutencao/app/controllers/event.js
FN:4,(anonymous_0)
FN:8,(anonymous_1)
FN:10,(anonymous_2)
FN:12,(anonymous_3)
FN:19,(anonymous_4)
FN:24,(anonymous_5)
FN:26,(anonymous_6)
FN:33,(anonymous_7)
FN:37,(anonymous_8)
FNF:9
FNH:0
FNDA:0,(anonymous_0)
FNDA:0,(anonymous_1)
FNDA:0,(anonymous_2)
FNDA:0,(anonymous_3)
FNDA:0,(anonymous_4)
FNDA:0,(anonymous_5)
FNDA:0,(anonymous_6)
FNDA:0,(anonymous_7)
FNDA:0,(anonymous_8)
DA:1,1
DA:2,1
DA:4,1
DA:8,1
DA:9,0
DA:11,0
DA:13,0
DA:19,1
DA:20,0
DA:25,0
DA:27,0
DA:33,1
DA:37,1
LF:13
LH:7
BRDA:14,0,0,0
BRDA:14,0,1,0
BRDA:28,1,0,0
BRDA:28,1,1,0
BRF:4
BRH:0
end_of_record
TN:
SF:/home/marlonfurtado/git/manutencao/arbitrium-api-manutencao/app/controllers/interview.js
FN:5,(anonymous_0)
FN:44,(anonymous_1)
FN:48,(anonymous_2)
FN:52,(anonymous_3)
FN:56,(anonymous_4)
FNF:5
FNH:0
FNDA:0,(anonymous_0)
FNDA:0,(anonymous_1)
FNDA:0,(anonymous_2)
FNDA:0,(anonymous_3)
FNDA:0,(anonymous_4)
DA:1,1
DA:2,1
DA:3,1
DA:5,1
DA:12,0
DA:13,0
DA:18,0
DA:20,0
DA:21,0
DA:24,0
DA:25,0
DA:28,0
DA:31,0
DA:35,0
DA:38,0
DA:44,1
DA:48,1
DA:52,1
DA:56,1
LF:19
LH:8
BRDA:12,0,0,0
BRDA:12,0,1,0
BRDA:39,1,0,0
BRDA:39,1,1,0
BRF:4
BRH:0
end_of_record
TN:
SF:/home/marlonfurtado/git/manutencao/arbitrium-api-manutencao/app/controllers/question.js
FN:4,(anonymous_0)
FN:7,(anonymous_1)
FN:11,(anonymous_2)
FN:17,sendResponse
FN:21,updateQuestion
FN:37,isValidChoice
FN:41,validateUpdateBody
FN:48,(anonymous_7)
FN:55,(anonymous_8)
FN:57,(anonymous_9)
FN:65,validateCreateParameters
FNF:11
FNH:0
FNDA:0,(anonymous_0)
FNDA:0,(anonymous_1)
FNDA:0,(anonymous_2)
FNDA:0,sendResponse
FNDA:0,updateQuestion
FNDA:0,isValidChoice
FNDA:0,validateUpdateBody
FNDA:0,(anonymous_7)
FNDA:0,(anonymous_8)
FNDA:0,(anonymous_9)
FNDA:0,validateCreateParameters
DA:1,1
DA:2,1
DA:4,1
DA:5,0
DA:6,0
DA:7,0
DA:8,0
DA:9,0
DA:10,0
DA:12,0
DA:13,0
DA:18,0
DA:22,0
DA:38,0
DA:42,0
DA:43,0
DA:44,0
DA:45,0
DA:48,1
DA:49,0
DA:50,0
DA:51,0
DA:55,0
DA:56,0
DA:58,0
DA:61,0
DA:66,0
DA:67,0
DA:68,0
DA:69,0
LF:30
LH:4
BRDA:5,0,0,0
BRDA:5,0,1,0
BRDA:8,1,0,0
BRDA:8,1,1,0
BRDA:9,2,0,0
BRDA:9,2,1,0
BRDA:12,3,0,0
BRDA:12,3,1,0
BRDA:38,4,0,0
BRDA:38,4,1,0
BRDA:42,5,0,0
BRDA:42,5,1,0
BRDA:43,6,0,0
BRDA:43,6,1,0
BRDA:44,7,0,0
BRDA:44,7,1,0
BRDA:45,8,0,0
BRDA:45,8,1,0
BRDA:67,9,0,0
BRDA:67,9,1,0
BRDA:68,10,0,0
BRDA:68,10,1,0
BRDA:69,11,0,0
BRDA:69,11,1,0
BRF:24
BRH:0
end_of_record
TN:
SF:/home/marlonfurtado/git/manutencao/arbitrium-api-manutencao/app/controllers/report.js
FN:4,(anonymous_0)
FN:289,(anonymous_1)
FNF:2
FNH:0
FNDA:0,(anonymous_0)
FNDA:0,(anonymous_1)
DA:1,1
DA:2,1
DA:4,1
DA:5,0
DA:59,0
DA:62,0
DA:287,0
DA:290,0
DA:291,0
DA:292,0
LF:10
LH:3
BRF:0
BRH:0
end_of_record
TN:
SF:/home/marlonfurtado/git/manutencao/arbitrium-api-manutencao/app/controllers/result.js
FN:10,(anonymous_0)
FN:14,(anonymous_1)
FN:18,(anonymous_2)
FN:23,(anonymous_3)
FN:25,(anonymous_4)
FN:32,(anonymous_5)
FN:102,(anonymous_6)
FN:104,(anonymous_7)
FN:114,checkObtainedResults
FN:131,checkIfResultForInterviewExists
FN:137,getActivitiesByPointTypes
FN:169,evaluateHour
FN:199,evaluateDay
FN:230,evaluateWeek
FN:258,addQuestionPointsToResultPoints
FN:268,getAllQuestionsOfInterview
FN:283,includeEventToResults
FN:295,getActivityPoints
FN:311,getEventPoints
FN:326,getLastResultIdByInterviewId
FN:341,updateResult
FN:360,addOccuranceToActivity
FN:381,(anonymous_22)
FN:385,(anonymous_23)
FNF:24
FNH:0
FNDA:0,(anonymous_0)
FNDA:0,(anonymous_1)
FNDA:0,(anonymous_2)
FNDA:0,(anonymous_3)
FNDA:0,(anonymous_4)
FNDA:0,(anonymous_5)
FNDA:0,(anonymous_6)
FNDA:0,(anonymous_7)
FNDA:0,checkObtainedResults
FNDA:0,checkIfResultForInterviewExists
FNDA:0,getActivitiesByPointTypes
FNDA:0,evaluateHour
FNDA:0,evaluateDay
FNDA:0,evaluateWeek
FNDA:0,addQuestionPointsToResultPoints
FNDA:0,getAllQuestionsOfInterview
FNDA:0,includeEventToResults
FNDA:0,getActivityPoints
FNDA:0,getEventPoints
FNDA:0,getLastResultIdByInterviewId
FNDA:0,updateResult
FNDA:0,addOccuranceToActivity
FNDA:0,(anonymous_22)
FNDA:0,(anonymous_23)
DA:1,1
DA:2,1
DA:3,1
DA:4,1
DA:5,1
DA:6,1
DA:7,1
DA:8,1
DA:9,1
DA:10,1
DA:14,1
DA:18,1
DA:19,0
DA:24,0
DA:26,0
DA:32,1
DA:33,0
DA:35,0
DA:38,0
DA:39,0
DA:45,0
DA:48,0
DA:58,0
DA:61,0
DA:64,0
DA:69,0
DA:70,0
DA:72,0
DA:74,0
DA:76,0
DA:78,0
DA:79,0
DA:82,0
DA:85,0
DA:87,0
DA:89,0
DA:92,0
DA:94,0
DA:97,0
DA:103,0
DA:105,0
DA:109,0
DA:111,0
DA:115,0
DA:116,0
DA:117,0
DA:118,0
DA:119,0
DA:120,0
DA:121,0
DA:122,0
DA:123,0
DA:124,0
DA:125,0
DA:128,0
DA:132,0
DA:134,0
DA:138,0
DA:144,0
DA:151,0
DA:158,0
DA:165,0
DA:171,0
DA:172,0
DA:173,0
DA:174,0
DA:176,0
DA:177,0
DA:178,0
DA:179,0
DA:181,0
DA:190,0
DA:192,0
DA:196,0
DA:201,0
DA:202,0
DA:203,0
DA:205,0
DA:206,0
DA:207,0
DA:208,0
DA:210,0
DA:219,0
DA:221,0
DA:227,0
DA:231,0
DA:232,0
DA:233,0
DA:235,0
DA:236,0
DA:237,0
DA:238,0
DA:240,0
DA:249,0
DA:251,0
DA:255,0
DA:259,0
DA:261,0
DA:262,0
DA:265,0
DA:269,0
DA:280,0
DA:284,0
DA:286,0
DA:287,0
DA:288,0
DA:289,0
DA:292,0
DA:296,0
DA:308,0
DA:312,0
DA:323,0
DA:327,0
DA:338,0
DA:342,0
DA:361,0
DA:362,0
DA:363,0
DA:367,0
DA:368,0
DA:369,0
DA:374,0
DA:375,0
DA:376,0
DA:381,1
DA:385,1
LF:126
LH:15
BRDA:27,0,0,0
BRDA:27,0,1,0
BRDA:38,1,0,0
BRDA:38,1,1,0
BRDA:106,2,0,0
BRDA:106,2,1,0
BRDA:172,3,0,0
BRDA:172,3,1,0
BRDA:202,4,0,0
BRDA:202,4,1,0
BRDA:232,5,0,0
BRDA:232,5,1,0
BRDA:286,6,0,0
BRDA:286,6,1,0
BRDA:288,7,0,0
BRDA:288,7,1,0
BRDA:362,8,0,0
BRDA:362,8,1,0
BRDA:368,9,0,0
BRDA:368,9,1,0
BRDA:375,10,0,0
BRDA:375,10,1,0
BRF:22
BRH:0
end_of_record
TN:
SF:/home/marlonfurtado/git/manutencao/arbitrium-api-manutencao/app/controllers/week.js
FN:7,(anonymous_0)
FN:38,(anonymous_1)
FN:80,(anonymous_2)
FN:84,(anonymous_3)
FN:88,(anonymous_4)
FN:92,(anonymous_5)
FN:96,(anonymous_6)
FN:116,getScheduleId
FN:131,getLastWeek
FN:146,getWeekDays
FN:161,getDayHoursAndActivities
FN:176,getInterviewIdByScheduleId
FN:190,createWeekResultLine
FN:202,postValidations
FN:211,(anonymous_14)
FN:218,(anonymous_15)
FNF:16
FNH:0
FNDA:0,(anonymous_0)
FNDA:0,(anonymous_1)
FNDA:0,(anonymous_2)
FNDA:0,(anonymous_3)
FNDA:0,(anonymous_4)
FNDA:0,(anonymous_5)
FNDA:0,(anonymous_6)
FNDA:0,getScheduleId
FNDA:0,getLastWeek
FNDA:0,getWeekDays
FNDA:0,getDayHoursAndActivities
FNDA:0,getInterviewIdByScheduleId
FNDA:0,createWeekResultLine
FNDA:0,postValidations
FNDA:0,(anonymous_14)
FNDA:0,(anonymous_15)
DA:1,1
DA:2,1
DA:3,1
DA:4,1
DA:5,1
DA:7,1
DA:13,0
DA:14,0
DA:17,0
DA:20,0
DA:21,0
DA:26,0
DA:28,0
DA:34,0
DA:36,0
DA:38,0
DA:39,0
DA:40,0
DA:41,0
DA:42,0
DA:44,0
DA:45,0
DA:46,0
DA:54,0
DA:56,0
DA:62,0
DA:68,0
DA:69,0
DA:71,0
DA:74,0
DA:80,1
DA:84,1
DA:88,1
DA:92,1
DA:96,1
DA:97,0
DA:99,0
DA:101,0
DA:102,0
DA:107,0
DA:109,0
DA:110,0
DA:113,0
DA:117,0
DA:128,0
DA:132,0
DA:143,0
DA:147,0
DA:158,0
DA:162,0
DA:173,0
DA:177,0
DA:187,0
DA:191,0
DA:197,0
DA:199,0
DA:203,0
DA:204,0
DA:205,0
DA:206,0
DA:207,0
DA:208,0
DA:209,0
DA:211,0
DA:212,0
DA:213,0
DA:214,0
DA:215,0
DA:216,0
DA:218,0
DA:219,0
DA:220,0
DA:221,0
DA:222,0
DA:223,0
DA:232,0
LF:76
LH:11
BRDA:20,0,0,0
BRDA:20,0,1,0
BRDA:20,1,0,0
BRDA:20,1,1,0
BRDA:57,2,0,0
BRDA:57,2,1,0
BRDA:63,3,0,0
BRDA:63,3,1,0
BRDA:75,4,0,0
BRDA:75,4,1,0
BRDA:101,5,0,0
BRDA:101,5,1,0
BRDA:204,6,0,0
BRDA:204,6,1,0
BRDA:206,7,0,0
BRDA:206,7,1,0
BRDA:208,8,0,0
BRDA:208,8,1,0
BRDA:208,9,0,0
BRDA:208,9,1,0
BRDA:212,10,0,0
BRDA:212,10,1,0
BRDA:212,11,0,0
BRDA:212,11,1,0
BRDA:213,12,0,0
BRDA:213,12,1,0
BRDA:215,13,0,0
BRDA:215,13,1,0
BRDA:215,14,0,0
BRDA:215,14,1,0
BRDA:219,15,0,0
BRDA:219,15,1,0
BRDA:219,16,0,0
BRDA:219,16,1,0
BRDA:220,17,0,0
BRDA:220,17,1,0
BRDA:222,18,0,0
BRDA:222,18,1,0
BRDA:222,19,0,0
BRDA:222,19,1,0
BRF:40
BRH:0
end_of_record
TN:
SF:/home/marlonfurtado/git/manutencao/arbitrium-api-manutencao/app/models/activity.js
FN:1,(anonymous_0)
FNF:1
FNH:1
FNDA:2,(anonymous_0)
DA:1,1
DA:2,2
DA:26,2
LF:3
LH:3
BRF:0
BRH:0
end_of_record
TN:
SF:/home/marlonfurtado/git/manutencao/arbitrium-api-manutencao/app/models/activity_punctuation.js
FN:1,(anonymous_0)
FNF:1
FNH:1
FNDA:2,(anonymous_0)
DA:1,1
DA:2,2
DA:54,2
LF:3
LH:3
BRF:0
BRH:0
end_of_record
TN:
SF:/home/marlonfurtado/git/manutencao/arbitrium-api-manutencao/app/models/day.js
FN:1,(anonymous_0)
FNF:1
FNH:1
FNDA:3,(anonymous_0)
DA:1,1
DA:2,3
DA:30,3
LF:3
LH:3
BRF:0
BRH:0
end_of_record
TN:
SF:/home/marlonfurtado/git/manutencao/arbitrium-api-manutencao/app/models/event.js
FN:1,(anonymous_0)
FNF:1
FNH:1
FNDA:2,(anonymous_0)
DA:1,1
DA:2,2
DA:51,2
LF:3
LH:3
BRF:0
BRH:0
end_of_record
TN:
SF:/home/marlonfurtado/git/manutencao/arbitrium-api-manutencao/app/models/hour.js
FN:1,(anonymous_0)
FNF:1
FNH:1
FNDA:3,(anonymous_0)
DA:1,1
DA:2,3
DA:38,3
LF:3
LH:3
BRF:0
BRH:0
end_of_record
TN:
SF:/home/marlonfurtado/git/manutencao/arbitrium-api-manutencao/app/models/index.js
FNF:0
FNH:0
DA:4,1
DA:5,1
DA:6,1
DA:7,1
DA:8,1
DA:9,1
DA:27,1
DA:28,1
DA:31,1
DA:32,1
DA:33,1
DA:36,1
DA:37,1
DA:38,1
DA:39,1
DA:40,1
DA:41,1
DA:42,1
DA:43,1
DA:46,1
DA:47,1
DA:48,1
DA:49,1
DA:50,1
DA:51,1
DA:52,1
DA:53,1
DA:54,1
DA:55,1
DA:56,1
DA:57,1
DA:60,1
DA:61,1
DA:62,1
DA:65,1
DA:66,1
DA:69,1
DA:70,1
DA:71,1
DA:72,1
DA:74,1
LF:41
LH:41
BRDA:6,0,0,1
BRDA:6,0,1,0
BRF:2
BRH:1
end_of_record
TN:
SF:/home/marlonfurtado/git/manutencao/arbitrium-api-manutencao/app/models/interview.js
FN:1,(anonymous_0)
FNF:1
FNH:1
FNDA:3,(anonymous_0)
DA:1,1
DA:2,3
DA:34,3
LF:3
LH:3
BRF:0
BRH:0
end_of_record
TN:
SF:/home/marlonfurtado/git/manutencao/arbitrium-api-manutencao/app/models/question.js
FN:1,(anonymous_0)
FNF:1
FNH:1
FNDA:2,(anonymous_0)
DA:1,1
DA:2,2
DA:42,2
LF:3
LH:3
BRF:0
BRH:0
end_of_record
TN:
SF:/home/marlonfurtado/git/manutencao/arbitrium-api-manutencao/app/models/researcher.js
FN:1,(anonymous_0)
FNF:1
FNH:1
FNDA:1,(anonymous_0)
DA:1,1
DA:2,1
DA:35,1
LF:3
LH:3
BRF:0
BRH:0
end_of_record
TN:
SF:/home/marlonfurtado/git/manutencao/arbitrium-api-manutencao/app/models/result.js
FN:1,(anonymous_0)
FNF:1
FNH:1
FNDA:3,(anonymous_0)
DA:1,1
DA:2,3
DA:82,3
LF:3
LH:3
BRF:0
BRH:0
end_of_record
TN:
SF:/home/marlonfurtado/git/manutencao/arbitrium-api-manutencao/app/models/schedule.js
FN:1,(anonymous_0)
FNF:1
FNH:1
FNDA:3,(anonymous_0)
DA:1,1
DA:2,3
DA:26,3
LF:3
LH:3
BRF:0
BRH:0
end_of_record
TN:
SF:/home/marlonfurtado/git/manutencao/arbitrium-api-manutencao/app/models/week.js
FN:1,(anonymous_0)
FNF:1
FNH:1
FNDA:3,(anonymous_0)
DA:1,1
DA:2,3
DA:30,3
LF:3
LH:3
BRF:0
BRH:0
end_of_record
TN:
SF:/home/marlonfurtado/git/manutencao/arbitrium-api-manutencao/app/routes/activity.js
FN:1,(anonymous_0)
FNF:1
FNH:1
FNDA:1,(anonymous_0)
DA:1,1
DA:2,1
DA:8,1
DA:11,1
LF:4
LH:4
BRF:0
BRH:0
end_of_record
TN:
SF:/home/marlonfurtado/git/manutencao/arbitrium-api-manutencao/app/routes/event.js
FN:1,(anonymous_0)
FNF:1
FNH:1
FNDA:1,(anonymous_0)
DA:1,1
DA:2,1
DA:8,1
DA:11,1
LF:4
LH:4
BRF:0
BRH:0
end_of_record
TN:
SF:/home/marlonfurtado/git/manutencao/arbitrium-api-manutencao/app/routes/interview.js
FN:1,(anonymous_0)
FNF:1
FNH:1
FNDA:1,(anonymous_0)
DA:1,1
DA:2,1
DA:5,1
LF:3
LH:3
BRF:0
BRH:0
end_of_record
TN:
SF:/home/marlonfurtado/git/manutencao/arbitrium-api-manutencao/app/routes/question.js
FN:1,(anonymous_0)
FNF:1
FNH:1
FNDA:1,(anonymous_0)
DA:1,1
DA:2,1
DA:6,1
DA:9,1
LF:4
LH:4
BRF:0
BRH:0
end_of_record
TN:
SF:/home/marlonfurtado/git/manutencao/arbitrium-api-manutencao/app/routes/report.js
FN:1,(anonymous_0)
FNF:1
FNH:1
FNDA:1,(anonymous_0)
DA:1,1
DA:2,1
DA:8,1
LF:3
LH:3
BRF:0
BRH:0
end_of_record
TN:
SF:/home/marlonfurtado/git/manutencao/arbitrium-api-manutencao/app/routes/result.js
FN:1,(anonymous_0)
FNF:1
FNH:1
FNDA:1,(anonymous_0)
DA:1,1
DA:2,1
DA:11,1
LF:3
LH:3
BRF:0
BRH:0
end_of_record
TN:
SF:/home/marlonfurtado/git/manutencao/arbitrium-api-manutencao/app/routes/week.js
FN:1,(anonymous_0)
FNF:1
FNH:1
FNDA:1,(anonymous_0)
DA:1,1
DA:2,1
DA:5,1
DA:13,1
LF:4
LH:4
BRF:0
BRH:0
end_of_record
